{"C:\\Users\\Maria\\OneDrive\\Desktop\\vscode\\backend\\Admin\\VolunteerHistory.js": {"path":"C:\\Users\\Maria\\OneDrive\\Desktop\\vscode\\backend\\Admin\\VolunteerHistory.js","statementMap":{"0":{"start":{"line":2,"column":22},"end":{"line":2,"column":60}},"1":{"start":{"line":4,"column":2},"end":{"line":7,"column":3}},"2":{"start":{"line":5,"column":4},"end":{"line":5,"column":58}},"3":{"start":{"line":6,"column":4},"end":{"line":6,"column":11}},"4":{"start":{"line":10,"column":24},"end":{"line":29,"column":3}},"5":{"start":{"line":32,"column":2},"end":{"line":32,"column":29}},"6":{"start":{"line":34,"column":2},"end":{"line":54,"column":5}},"7":{"start":{"line":36,"column":4},"end":{"line":39,"column":5}},"8":{"start":{"line":37,"column":6},"end":{"line":37,"column":54}},"9":{"start":{"line":38,"column":6},"end":{"line":38,"column":13}},"10":{"start":{"line":41,"column":16},"end":{"line":41,"column":44}},"11":{"start":{"line":43,"column":4},"end":{"line":51,"column":6}},"12":{"start":{"line":53,"column":4},"end":{"line":53,"column":33}},"13":{"start":{"line":58,"column":0},"end":{"line":60,"column":1}},"14":{"start":{"line":59,"column":2},"end":{"line":59,"column":68}},"15":{"start":{"line":62,"column":0},"end":{"line":62,"column":42}}},"fnMap":{"0":{"name":"loadVolunteerHistory","decl":{"start":{"line":1,"column":9},"end":{"line":1,"column":29}},"loc":{"start":{"line":1,"column":32},"end":{"line":55,"column":1}},"line":1},"1":{"name":"(anonymous_1)","decl":{"start":{"line":34,"column":24},"end":{"line":34,"column":25}},"loc":{"start":{"line":34,"column":34},"end":{"line":54,"column":3}},"line":34}},"branchMap":{"0":{"loc":{"start":{"line":4,"column":2},"end":{"line":7,"column":3}},"type":"if","locations":[{"start":{"line":4,"column":2},"end":{"line":7,"column":3}},{"start":{},"end":{}}],"line":4},"1":{"loc":{"start":{"line":36,"column":4},"end":{"line":39,"column":5}},"type":"if","locations":[{"start":{"line":36,"column":4},"end":{"line":39,"column":5}},{"start":{},"end":{}}],"line":36},"2":{"loc":{"start":{"line":36,"column":8},"end":{"line":36,"column":53}},"type":"binary-expr","locations":[{"start":{"line":36,"column":8},"end":{"line":36,"column":20}},{"start":{"line":36,"column":24},"end":{"line":36,"column":37}},{"start":{"line":36,"column":41},"end":{"line":36,"column":53}}],"line":36},"3":{"loc":{"start":{"line":58,"column":0},"end":{"line":60,"column":1}},"type":"if","locations":[{"start":{"line":58,"column":0},"end":{"line":60,"column":1}},{"start":{},"end":{}}],"line":58}},"s":{"0":2,"1":2,"2":1,"3":1,"4":1,"5":1,"6":1,"7":2,"8":0,"9":0,"10":2,"11":2,"12":2,"13":1,"14":1,"15":1},"f":{"0":2,"1":2},"b":{"0":[1,1],"1":[0,2],"2":[2,2,2],"3":[1,0]},"_coverageSchema":"1a1c01bbd47fc00a2c39e90264f33305004495a9","hash":"d5763ad51d0f5f1aeccc122d17b1def280cb7434"}
,"C:\\Users\\Maria\\OneDrive\\Desktop\\vscode\\backend\\Admin\\event.js": {"path":"C:\\Users\\Maria\\OneDrive\\Desktop\\vscode\\backend\\Admin\\event.js","statementMap":{"0":{"start":{"line":2,"column":17},"end":{"line":2,"column":19}},"1":{"start":{"line":5,"column":2},"end":{"line":5,"column":96}},"2":{"start":{"line":5,"column":52},"end":{"line":5,"column":96}},"3":{"start":{"line":6,"column":2},"end":{"line":6,"column":111}},"4":{"start":{"line":6,"column":66},"end":{"line":6,"column":111}},"5":{"start":{"line":7,"column":2},"end":{"line":7,"column":102}},"6":{"start":{"line":7,"column":60},"end":{"line":7,"column":102}},"7":{"start":{"line":8,"column":2},"end":{"line":8,"column":92}},"8":{"start":{"line":8,"column":52},"end":{"line":8,"column":92}},"9":{"start":{"line":9,"column":2},"end":{"line":9,"column":99}},"10":{"start":{"line":9,"column":58},"end":{"line":9,"column":99}},"11":{"start":{"line":10,"column":2},"end":{"line":10,"column":92}},"12":{"start":{"line":10,"column":51},"end":{"line":10,"column":92}},"13":{"start":{"line":13,"column":2},"end":{"line":13,"column":122}},"14":{"start":{"line":13,"column":83},"end":{"line":13,"column":122}},"15":{"start":{"line":14,"column":2},"end":{"line":14,"column":144}},"16":{"start":{"line":14,"column":104},"end":{"line":14,"column":144}},"17":{"start":{"line":15,"column":2},"end":{"line":15,"column":132}},"18":{"start":{"line":15,"column":95},"end":{"line":15,"column":132}},"19":{"start":{"line":16,"column":2},"end":{"line":16,"column":129}},"20":{"start":{"line":16,"column":82},"end":{"line":16,"column":129}},"21":{"start":{"line":17,"column":2},"end":{"line":17,"column":128}},"22":{"start":{"line":17,"column":92},"end":{"line":17,"column":128}},"23":{"start":{"line":18,"column":2},"end":{"line":18,"column":102}},"24":{"start":{"line":18,"column":52},"end":{"line":18,"column":102}},"25":{"start":{"line":21,"column":2},"end":{"line":21,"column":121}},"26":{"start":{"line":21,"column":65},"end":{"line":21,"column":121}},"27":{"start":{"line":22,"column":2},"end":{"line":22,"column":136}},"28":{"start":{"line":22,"column":79},"end":{"line":22,"column":136}},"29":{"start":{"line":23,"column":2},"end":{"line":23,"column":127}},"30":{"start":{"line":23,"column":73},"end":{"line":23,"column":127}},"31":{"start":{"line":25,"column":2},"end":{"line":25,"column":16}},"32":{"start":{"line":28,"column":0},"end":{"line":28,"column":35}}},"fnMap":{"0":{"name":"validateEvent","decl":{"start":{"line":1,"column":9},"end":{"line":1,"column":22}},"loc":{"start":{"line":1,"column":30},"end":{"line":26,"column":1}},"line":1}},"branchMap":{"0":{"loc":{"start":{"line":5,"column":2},"end":{"line":5,"column":96}},"type":"if","locations":[{"start":{"line":5,"column":2},"end":{"line":5,"column":96}},{"start":{},"end":{}}],"line":5},"1":{"loc":{"start":{"line":5,"column":6},"end":{"line":5,"column":50}},"type":"binary-expr","locations":[{"start":{"line":5,"column":6},"end":{"line":5,"column":16}},{"start":{"line":5,"column":20},"end":{"line":5,"column":50}}],"line":5},"2":{"loc":{"start":{"line":6,"column":2},"end":{"line":6,"column":111}},"type":"if","locations":[{"start":{"line":6,"column":2},"end":{"line":6,"column":111}},{"start":{},"end":{}}],"line":6},"3":{"loc":{"start":{"line":6,"column":6},"end":{"line":6,"column":64}},"type":"binary-expr","locations":[{"start":{"line":6,"column":6},"end":{"line":6,"column":23}},{"start":{"line":6,"column":27},"end":{"line":6,"column":64}}],"line":6},"4":{"loc":{"start":{"line":7,"column":2},"end":{"line":7,"column":102}},"type":"if","locations":[{"start":{"line":7,"column":2},"end":{"line":7,"column":102}},{"start":{},"end":{}}],"line":7},"5":{"loc":{"start":{"line":7,"column":6},"end":{"line":7,"column":58}},"type":"binary-expr","locations":[{"start":{"line":7,"column":6},"end":{"line":7,"column":20}},{"start":{"line":7,"column":24},"end":{"line":7,"column":58}}],"line":7},"6":{"loc":{"start":{"line":8,"column":2},"end":{"line":8,"column":92}},"type":"if","locations":[{"start":{"line":8,"column":2},"end":{"line":8,"column":92}},{"start":{},"end":{}}],"line":8},"7":{"loc":{"start":{"line":8,"column":6},"end":{"line":8,"column":50}},"type":"binary-expr","locations":[{"start":{"line":8,"column":6},"end":{"line":8,"column":18}},{"start":{"line":8,"column":22},"end":{"line":8,"column":50}}],"line":8},"8":{"loc":{"start":{"line":9,"column":2},"end":{"line":9,"column":99}},"type":"if","locations":[{"start":{"line":9,"column":2},"end":{"line":9,"column":99}},{"start":{},"end":{}}],"line":9},"9":{"loc":{"start":{"line":9,"column":6},"end":{"line":9,"column":56}},"type":"binary-expr","locations":[{"start":{"line":9,"column":6},"end":{"line":9,"column":19}},{"start":{"line":9,"column":23},"end":{"line":9,"column":56}}],"line":9},"10":{"loc":{"start":{"line":10,"column":2},"end":{"line":10,"column":92}},"type":"if","locations":[{"start":{"line":10,"column":2},"end":{"line":10,"column":92}},{"start":{},"end":{}}],"line":10},"11":{"loc":{"start":{"line":10,"column":6},"end":{"line":10,"column":49}},"type":"binary-expr","locations":[{"start":{"line":10,"column":6},"end":{"line":10,"column":16}},{"start":{"line":10,"column":20},"end":{"line":10,"column":49}}],"line":10},"12":{"loc":{"start":{"line":13,"column":2},"end":{"line":13,"column":122}},"type":"if","locations":[{"start":{"line":13,"column":2},"end":{"line":13,"column":122}},{"start":{},"end":{}}],"line":13},"13":{"loc":{"start":{"line":13,"column":6},"end":{"line":13,"column":81}},"type":"binary-expr","locations":[{"start":{"line":13,"column":6},"end":{"line":13,"column":17}},{"start":{"line":13,"column":22},"end":{"line":13,"column":52}},{"start":{"line":13,"column":56},"end":{"line":13,"column":80}}],"line":13},"14":{"loc":{"start":{"line":14,"column":2},"end":{"line":14,"column":144}},"type":"if","locations":[{"start":{"line":14,"column":2},"end":{"line":14,"column":144}},{"start":{},"end":{}}],"line":14},"15":{"loc":{"start":{"line":14,"column":6},"end":{"line":14,"column":102}},"type":"binary-expr","locations":[{"start":{"line":14,"column":6},"end":{"line":14,"column":24}},{"start":{"line":14,"column":29},"end":{"line":14,"column":66}},{"start":{"line":14,"column":70},"end":{"line":14,"column":101}}],"line":14},"16":{"loc":{"start":{"line":15,"column":2},"end":{"line":15,"column":132}},"type":"if","locations":[{"start":{"line":15,"column":2},"end":{"line":15,"column":132}},{"start":{},"end":{}}],"line":15},"17":{"loc":{"start":{"line":15,"column":6},"end":{"line":15,"column":93}},"type":"binary-expr","locations":[{"start":{"line":15,"column":6},"end":{"line":15,"column":21}},{"start":{"line":15,"column":26},"end":{"line":15,"column":60}},{"start":{"line":15,"column":64},"end":{"line":15,"column":92}}],"line":15},"18":{"loc":{"start":{"line":16,"column":2},"end":{"line":16,"column":129}},"type":"if","locations":[{"start":{"line":16,"column":2},"end":{"line":16,"column":129}},{"start":{},"end":{}}],"line":16},"19":{"loc":{"start":{"line":16,"column":6},"end":{"line":16,"column":80}},"type":"binary-expr","locations":[{"start":{"line":16,"column":6},"end":{"line":16,"column":19}},{"start":{"line":16,"column":23},"end":{"line":16,"column":51}},{"start":{"line":16,"column":55},"end":{"line":16,"column":80}}],"line":16},"20":{"loc":{"start":{"line":17,"column":2},"end":{"line":17,"column":128}},"type":"if","locations":[{"start":{"line":17,"column":2},"end":{"line":17,"column":128}},{"start":{},"end":{}}],"line":17},"21":{"loc":{"start":{"line":17,"column":6},"end":{"line":17,"column":90}},"type":"binary-expr","locations":[{"start":{"line":17,"column":6},"end":{"line":17,"column":20}},{"start":{"line":17,"column":25},"end":{"line":17,"column":58}},{"start":{"line":17,"column":62},"end":{"line":17,"column":89}}],"line":17},"22":{"loc":{"start":{"line":18,"column":2},"end":{"line":18,"column":102}},"type":"if","locations":[{"start":{"line":18,"column":2},"end":{"line":18,"column":102}},{"start":{},"end":{}}],"line":18},"23":{"loc":{"start":{"line":18,"column":6},"end":{"line":18,"column":50}},"type":"binary-expr","locations":[{"start":{"line":18,"column":6},"end":{"line":18,"column":17}},{"start":{"line":18,"column":21},"end":{"line":18,"column":50}}],"line":18},"24":{"loc":{"start":{"line":21,"column":2},"end":{"line":21,"column":121}},"type":"if","locations":[{"start":{"line":21,"column":2},"end":{"line":21,"column":121}},{"start":{},"end":{}}],"line":21},"25":{"loc":{"start":{"line":21,"column":6},"end":{"line":21,"column":63}},"type":"binary-expr","locations":[{"start":{"line":21,"column":6},"end":{"line":21,"column":36}},{"start":{"line":21,"column":40},"end":{"line":21,"column":63}}],"line":21},"26":{"loc":{"start":{"line":22,"column":2},"end":{"line":22,"column":136}},"type":"if","locations":[{"start":{"line":22,"column":2},"end":{"line":22,"column":136}},{"start":{},"end":{}}],"line":22},"27":{"loc":{"start":{"line":22,"column":6},"end":{"line":22,"column":77}},"type":"binary-expr","locations":[{"start":{"line":22,"column":6},"end":{"line":22,"column":43}},{"start":{"line":22,"column":47},"end":{"line":22,"column":77}}],"line":22},"28":{"loc":{"start":{"line":23,"column":2},"end":{"line":23,"column":127}},"type":"if","locations":[{"start":{"line":23,"column":2},"end":{"line":23,"column":127}},{"start":{},"end":{}}],"line":23},"29":{"loc":{"start":{"line":23,"column":6},"end":{"line":23,"column":71}},"type":"binary-expr","locations":[{"start":{"line":23,"column":6},"end":{"line":23,"column":40}},{"start":{"line":23,"column":44},"end":{"line":23,"column":71}}],"line":23}},"s":{"0":5,"1":5,"2":1,"3":5,"4":1,"5":5,"6":1,"7":5,"8":1,"9":5,"10":1,"11":5,"12":1,"13":5,"14":1,"15":5,"16":2,"17":5,"18":1,"19":5,"20":3,"21":5,"22":1,"23":5,"24":2,"25":5,"26":1,"27":5,"28":1,"29":5,"30":1,"31":5,"32":1},"f":{"0":5},"b":{"0":[1,4],"1":[5,4],"2":[1,4],"3":[5,3],"4":[1,4],"5":[5,4],"6":[1,4],"7":[5,5],"8":[1,4],"9":[5,4],"10":[1,4],"11":[5,4],"12":[1,4],"13":[5,4,3],"14":[2,3],"15":[5,3,2],"16":[1,4],"17":[5,4,3],"18":[3,2],"19":[5,5,4],"20":[1,4],"21":[5,4,3],"22":[2,3],"23":[5,4],"24":[1,4],"25":[5,4],"26":[1,4],"27":[5,4],"28":[1,4],"29":[5,4]},"_coverageSchema":"1a1c01bbd47fc00a2c39e90264f33305004495a9","hash":"b0a63d3482b6da6c10bef4b4223e2a096b0d2e65"}
,"C:\\Users\\Maria\\OneDrive\\Desktop\\vscode\\backend\\Admin\\matchform.js": {"path":"C:\\Users\\Maria\\OneDrive\\Desktop\\vscode\\backend\\Admin\\matchform.js","statementMap":{"0":{"start":{"line":1,"column":19},"end":{"line":5,"column":1}},"1":{"start":{"line":7,"column":15},"end":{"line":11,"column":1}},"2":{"start":{"line":14,"column":14},"end":{"line":14,"column":16}},"3":{"start":{"line":18,"column":26},"end":{"line":18,"column":68}},"4":{"start":{"line":19,"column":22},"end":{"line":19,"column":60}},"5":{"start":{"line":20,"column":20},"end":{"line":20,"column":56}},"6":{"start":{"line":21,"column":23},"end":{"line":21,"column":62}},"7":{"start":{"line":23,"column":2},"end":{"line":26,"column":3}},"8":{"start":{"line":24,"column":4},"end":{"line":24,"column":63}},"9":{"start":{"line":25,"column":4},"end":{"line":25,"column":11}},"10":{"start":{"line":29,"column":2},"end":{"line":34,"column":5}},"11":{"start":{"line":30,"column":19},"end":{"line":30,"column":51}},"12":{"start":{"line":31,"column":4},"end":{"line":31,"column":24}},"13":{"start":{"line":32,"column":4},"end":{"line":32,"column":32}},"14":{"start":{"line":33,"column":4},"end":{"line":33,"column":40}},"15":{"start":{"line":36,"column":2},"end":{"line":41,"column":5}},"16":{"start":{"line":37,"column":19},"end":{"line":37,"column":51}},"17":{"start":{"line":38,"column":4},"end":{"line":38,"column":24}},"18":{"start":{"line":39,"column":4},"end":{"line":39,"column":32}},"19":{"start":{"line":40,"column":4},"end":{"line":40,"column":36}},"20":{"start":{"line":44,"column":2},"end":{"line":83,"column":5}},"21":{"start":{"line":45,"column":4},"end":{"line":45,"column":23}},"22":{"start":{"line":47,"column":24},"end":{"line":47,"column":55}},"23":{"start":{"line":48,"column":20},"end":{"line":48,"column":47}},"24":{"start":{"line":51,"column":4},"end":{"line":54,"column":5}},"25":{"start":{"line":52,"column":6},"end":{"line":52,"column":60}},"26":{"start":{"line":53,"column":6},"end":{"line":53,"column":13}},"27":{"start":{"line":56,"column":22},"end":{"line":56,"column":64}},"28":{"start":{"line":56,"column":43},"end":{"line":56,"column":63}},"29":{"start":{"line":57,"column":18},"end":{"line":57,"column":54}},"30":{"start":{"line":57,"column":36},"end":{"line":57,"column":53}},"31":{"start":{"line":59,"column":4},"end":{"line":62,"column":5}},"32":{"start":{"line":60,"column":6},"end":{"line":60,"column":59}},"33":{"start":{"line":61,"column":6},"end":{"line":61,"column":13}},"34":{"start":{"line":64,"column":4},"end":{"line":67,"column":5}},"35":{"start":{"line":64,"column":26},"end":{"line":64,"column":82}},"36":{"start":{"line":65,"column":6},"end":{"line":65,"column":64}},"37":{"start":{"line":66,"column":6},"end":{"line":66,"column":13}},"38":{"start":{"line":70,"column":26},"end":{"line":70,"column":97}},"39":{"start":{"line":70,"column":63},"end":{"line":70,"column":96}},"40":{"start":{"line":71,"column":4},"end":{"line":76,"column":5}},"41":{"start":{"line":72,"column":22},"end":{"line":74,"column":7}},"42":{"start":{"line":75,"column":6},"end":{"line":75,"column":27}},"43":{"start":{"line":75,"column":20},"end":{"line":75,"column":27}},"44":{"start":{"line":79,"column":18},"end":{"line":79,"column":38}},"45":{"start":{"line":80,"column":4},"end":{"line":80,"column":24}},"46":{"start":{"line":81,"column":4},"end":{"line":81,"column":22}},"47":{"start":{"line":82,"column":4},"end":{"line":82,"column":25}},"48":{"start":{"line":86,"column":4},"end":{"line":86,"column":29}},"49":{"start":{"line":87,"column":4},"end":{"line":90,"column":5}},"50":{"start":{"line":88,"column":6},"end":{"line":88,"column":55}},"51":{"start":{"line":89,"column":6},"end":{"line":89,"column":13}},"52":{"start":{"line":91,"column":4},"end":{"line":95,"column":7}},"53":{"start":{"line":92,"column":17},"end":{"line":92,"column":45}},"54":{"start":{"line":93,"column":6},"end":{"line":93,"column":63}},"55":{"start":{"line":94,"column":6},"end":{"line":94,"column":32}},"56":{"start":{"line":99,"column":2},"end":{"line":99,"column":20}},"57":{"start":{"line":102,"column":0},"end":{"line":102,"column":61}},"58":{"start":{"line":105,"column":0},"end":{"line":107,"column":1}},"59":{"start":{"line":106,"column":2},"end":{"line":106,"column":66}}},"fnMap":{"0":{"name":"initMatchForm","decl":{"start":{"line":17,"column":9},"end":{"line":17,"column":22}},"loc":{"start":{"line":17,"column":25},"end":{"line":100,"column":1}},"line":17},"1":{"name":"(anonymous_1)","decl":{"start":{"line":29,"column":21},"end":{"line":29,"column":22}},"loc":{"start":{"line":29,"column":26},"end":{"line":34,"column":3}},"line":29},"2":{"name":"(anonymous_2)","decl":{"start":{"line":36,"column":17},"end":{"line":36,"column":18}},"loc":{"start":{"line":36,"column":22},"end":{"line":41,"column":3}},"line":36},"3":{"name":"(anonymous_3)","decl":{"start":{"line":44,"column":42},"end":{"line":44,"column":43}},"loc":{"start":{"line":44,"column":49},"end":{"line":83,"column":3}},"line":44},"4":{"name":"(anonymous_4)","decl":{"start":{"line":56,"column":38},"end":{"line":56,"column":39}},"loc":{"start":{"line":56,"column":43},"end":{"line":56,"column":63}},"line":56},"5":{"name":"(anonymous_5)","decl":{"start":{"line":57,"column":30},"end":{"line":57,"column":31}},"loc":{"start":{"line":57,"column":36},"end":{"line":57,"column":53}},"line":57},"6":{"name":"(anonymous_6)","decl":{"start":{"line":64,"column":21},"end":{"line":64,"column":22}},"loc":{"start":{"line":64,"column":26},"end":{"line":64,"column":82}},"line":64},"7":{"name":"(anonymous_7)","decl":{"start":{"line":70,"column":54},"end":{"line":70,"column":55}},"loc":{"start":{"line":70,"column":63},"end":{"line":70,"column":96}},"line":70},"8":{"name":"updateMatchList","decl":{"start":{"line":85,"column":11},"end":{"line":85,"column":26}},"loc":{"start":{"line":85,"column":29},"end":{"line":96,"column":3}},"line":85},"9":{"name":"(anonymous_9)","decl":{"start":{"line":91,"column":20},"end":{"line":91,"column":21}},"loc":{"start":{"line":91,"column":25},"end":{"line":95,"column":5}},"line":91}},"branchMap":{"0":{"loc":{"start":{"line":23,"column":2},"end":{"line":26,"column":3}},"type":"if","locations":[{"start":{"line":23,"column":2},"end":{"line":26,"column":3}},{"start":{},"end":{}}],"line":23},"1":{"loc":{"start":{"line":23,"column":6},"end":{"line":23,"column":69}},"type":"binary-expr","locations":[{"start":{"line":23,"column":6},"end":{"line":23,"column":22}},{"start":{"line":23,"column":26},"end":{"line":23,"column":38}},{"start":{"line":23,"column":42},"end":{"line":23,"column":52}},{"start":{"line":23,"column":56},"end":{"line":23,"column":69}}],"line":23},"2":{"loc":{"start":{"line":51,"column":4},"end":{"line":54,"column":5}},"type":"if","locations":[{"start":{"line":51,"column":4},"end":{"line":54,"column":5}},{"start":{},"end":{}}],"line":51},"3":{"loc":{"start":{"line":51,"column":8},"end":{"line":51,"column":32}},"type":"binary-expr","locations":[{"start":{"line":51,"column":8},"end":{"line":51,"column":20}},{"start":{"line":51,"column":24},"end":{"line":51,"column":32}}],"line":51},"4":{"loc":{"start":{"line":59,"column":4},"end":{"line":62,"column":5}},"type":"if","locations":[{"start":{"line":59,"column":4},"end":{"line":62,"column":5}},{"start":{},"end":{}}],"line":59},"5":{"loc":{"start":{"line":59,"column":8},"end":{"line":59,"column":28}},"type":"binary-expr","locations":[{"start":{"line":59,"column":8},"end":{"line":59,"column":18}},{"start":{"line":59,"column":22},"end":{"line":59,"column":28}}],"line":59},"6":{"loc":{"start":{"line":64,"column":4},"end":{"line":67,"column":5}},"type":"if","locations":[{"start":{"line":64,"column":4},"end":{"line":67,"column":5}},{"start":{},"end":{}}],"line":64},"7":{"loc":{"start":{"line":64,"column":26},"end":{"line":64,"column":82}},"type":"binary-expr","locations":[{"start":{"line":64,"column":26},"end":{"line":64,"column":56}},{"start":{"line":64,"column":60},"end":{"line":64,"column":82}}],"line":64},"8":{"loc":{"start":{"line":71,"column":4},"end":{"line":76,"column":5}},"type":"if","locations":[{"start":{"line":71,"column":4},"end":{"line":76,"column":5}},{"start":{},"end":{}}],"line":71},"9":{"loc":{"start":{"line":75,"column":6},"end":{"line":75,"column":27}},"type":"if","locations":[{"start":{"line":75,"column":6},"end":{"line":75,"column":27}},{"start":{},"end":{}}],"line":75},"10":{"loc":{"start":{"line":87,"column":4},"end":{"line":90,"column":5}},"type":"if","locations":[{"start":{"line":87,"column":4},"end":{"line":90,"column":5}},{"start":{},"end":{}}],"line":87},"11":{"loc":{"start":{"line":105,"column":0},"end":{"line":107,"column":1}},"type":"if","locations":[{"start":{"line":105,"column":0},"end":{"line":107,"column":1}},{"start":{},"end":{}}],"line":105}},"s":{"0":4,"1":4,"2":4,"3":4,"4":4,"5":4,"6":4,"7":4,"8":0,"9":0,"10":4,"11":12,"12":12,"13":12,"14":12,"15":4,"16":12,"17":12,"18":12,"19":12,"20":4,"21":5,"22":5,"23":5,"24":5,"25":1,"26":1,"27":4,"28":5,"29":4,"30":4,"31":4,"32":0,"33":0,"34":4,"35":1,"36":1,"37":1,"38":3,"39":3,"40":3,"41":1,"42":1,"43":0,"44":3,"45":3,"46":3,"47":3,"48":7,"49":7,"50":4,"51":4,"52":3,"53":3,"54":3,"55":3,"56":4,"57":4,"58":4,"59":4},"f":{"0":4,"1":12,"2":12,"3":5,"4":5,"5":4,"6":1,"7":3,"8":7,"9":3},"b":{"0":[0,4],"1":[4,4,4,4],"2":[1,4],"3":[5,4],"4":[0,4],"5":[4,4],"6":[1,3],"7":[1,1],"8":[1,2],"9":[0,1],"10":[4,3],"11":[4,0]},"_coverageSchema":"1a1c01bbd47fc00a2c39e90264f33305004495a9","hash":"3ba9b285a3b6263947656c766a3aecdae4a14315"}
,"C:\\Users\\Maria\\OneDrive\\Desktop\\vscode\\backend\\Admin\\notifications.js": {"path":"C:\\Users\\Maria\\OneDrive\\Desktop\\vscode\\backend\\Admin\\notifications.js","statementMap":{"0":{"start":{"line":1,"column":20},"end":{"line":14,"column":1}},"1":{"start":{"line":18,"column":2},"end":{"line":18,"column":98}},"2":{"start":{"line":18,"column":39},"end":{"line":18,"column":98}},"3":{"start":{"line":19,"column":2},"end":{"line":19,"column":88}},"4":{"start":{"line":19,"column":29},"end":{"line":19,"column":88}},"5":{"start":{"line":20,"column":2},"end":{"line":20,"column":73}},"6":{"start":{"line":20,"column":24},"end":{"line":20,"column":73}},"7":{"start":{"line":21,"column":2},"end":{"line":21,"column":80}},"8":{"start":{"line":21,"column":28},"end":{"line":21,"column":80}},"9":{"start":{"line":22,"column":2},"end":{"line":22,"column":25}},"10":{"start":{"line":27,"column":21},"end":{"line":27,"column":55}},"11":{"start":{"line":28,"column":2},"end":{"line":28,"column":43}},"12":{"start":{"line":28,"column":25},"end":{"line":28,"column":43}},"13":{"start":{"line":29,"column":26},"end":{"line":29,"column":91}},"14":{"start":{"line":30,"column":2},"end":{"line":30,"column":38}},"15":{"start":{"line":31,"column":2},"end":{"line":31,"column":56}},"16":{"start":{"line":35,"column":0},"end":{"line":35,"column":74}}},"fnMap":{"0":{"name":"validateNotification","decl":{"start":{"line":17,"column":9},"end":{"line":17,"column":29}},"loc":{"start":{"line":17,"column":60},"end":{"line":23,"column":1}},"line":17},"1":{"name":"addNotification","decl":{"start":{"line":26,"column":9},"end":{"line":26,"column":24}},"loc":{"start":{"line":26,"column":39},"end":{"line":32,"column":1}},"line":26}},"branchMap":{"0":{"loc":{"start":{"line":18,"column":2},"end":{"line":18,"column":98}},"type":"if","locations":[{"start":{"line":18,"column":2},"end":{"line":18,"column":98}},{"start":{},"end":{}}],"line":18},"1":{"loc":{"start":{"line":18,"column":6},"end":{"line":18,"column":37}},"type":"binary-expr","locations":[{"start":{"line":18,"column":6},"end":{"line":18,"column":16}},{"start":{"line":18,"column":20},"end":{"line":18,"column":25}},{"start":{"line":18,"column":29},"end":{"line":18,"column":37}}],"line":18},"2":{"loc":{"start":{"line":19,"column":2},"end":{"line":19,"column":88}},"type":"if","locations":[{"start":{"line":19,"column":2},"end":{"line":19,"column":88}},{"start":{},"end":{}}],"line":19},"3":{"loc":{"start":{"line":20,"column":2},"end":{"line":20,"column":73}},"type":"if","locations":[{"start":{"line":20,"column":2},"end":{"line":20,"column":73}},{"start":{},"end":{}}],"line":20},"4":{"loc":{"start":{"line":21,"column":2},"end":{"line":21,"column":80}},"type":"if","locations":[{"start":{"line":21,"column":2},"end":{"line":21,"column":80}},{"start":{},"end":{}}],"line":21},"5":{"loc":{"start":{"line":28,"column":2},"end":{"line":28,"column":43}},"type":"if","locations":[{"start":{"line":28,"column":2},"end":{"line":28,"column":43}},{"start":{},"end":{}}],"line":28}},"s":{"0":1,"1":7,"2":2,"3":5,"4":1,"5":4,"6":1,"7":3,"8":1,"9":2,"10":2,"11":2,"12":1,"13":1,"14":1,"15":1,"16":1},"f":{"0":7,"1":2},"b":{"0":[2,5],"1":[7,5,5],"2":[1,4],"3":[1,3],"4":[1,2],"5":[1,1]},"_coverageSchema":"1a1c01bbd47fc00a2c39e90264f33305004495a9","hash":"41fd0dbc41c41d4b162da904db50afe20ce7c078"}
,"C:\\Users\\Maria\\OneDrive\\Desktop\\vscode\\backend\\Login\\login.js": {"path":"C:\\Users\\Maria\\OneDrive\\Desktop\\vscode\\backend\\Login\\login.js","statementMap":{"0":{"start":{"line":3,"column":23},"end":{"line":3,"column":51}},"1":{"start":{"line":5,"column":2},"end":{"line":7,"column":3}},"2":{"start":{"line":6,"column":4},"end":{"line":6,"column":63}},"3":{"start":{"line":9,"column":2},"end":{"line":11,"column":3}},"4":{"start":{"line":10,"column":4},"end":{"line":10,"column":60}},"5":{"start":{"line":13,"column":2},"end":{"line":15,"column":3}},"6":{"start":{"line":14,"column":4},"end":{"line":14,"column":78}},"7":{"start":{"line":17,"column":2},"end":{"line":17,"column":25}},"8":{"start":{"line":20,"column":0},"end":{"line":43,"column":1}},"9":{"start":{"line":21,"column":2},"end":{"line":42,"column":5}},"10":{"start":{"line":22,"column":17},"end":{"line":22,"column":53}},"11":{"start":{"line":24,"column":4},"end":{"line":41,"column":5}},"12":{"start":{"line":25,"column":6},"end":{"line":40,"column":9}},"13":{"start":{"line":26,"column":8},"end":{"line":26,"column":27}},"14":{"start":{"line":28,"column":22},"end":{"line":28,"column":72}},"15":{"start":{"line":29,"column":25},"end":{"line":29,"column":78}},"16":{"start":{"line":30,"column":21},"end":{"line":30,"column":63}},"17":{"start":{"line":32,"column":27},"end":{"line":32,"column":69}},"18":{"start":{"line":33,"column":8},"end":{"line":36,"column":9}},"19":{"start":{"line":34,"column":10},"end":{"line":34,"column":34}},"20":{"start":{"line":35,"column":10},"end":{"line":35,"column":17}},"21":{"start":{"line":38,"column":8},"end":{"line":38,"column":46}},"22":{"start":{"line":45,"column":0},"end":{"line":45,"column":41}}},"fnMap":{"0":{"name":"validateLoginFields","decl":{"start":{"line":2,"column":9},"end":{"line":2,"column":28}},"loc":{"start":{"line":2,"column":52},"end":{"line":18,"column":1}},"line":2},"1":{"name":"(anonymous_1)","decl":{"start":{"line":21,"column":48},"end":{"line":21,"column":49}},"loc":{"start":{"line":21,"column":54},"end":{"line":42,"column":3}},"line":21},"2":{"name":"(anonymous_2)","decl":{"start":{"line":25,"column":38},"end":{"line":25,"column":39}},"loc":{"start":{"line":25,"column":45},"end":{"line":40,"column":7}},"line":25}},"branchMap":{"0":{"loc":{"start":{"line":5,"column":2},"end":{"line":7,"column":3}},"type":"if","locations":[{"start":{"line":5,"column":2},"end":{"line":7,"column":3}},{"start":{},"end":{}}],"line":5},"1":{"loc":{"start":{"line":5,"column":6},"end":{"line":5,"column":34}},"type":"binary-expr","locations":[{"start":{"line":5,"column":6},"end":{"line":5,"column":12}},{"start":{"line":5,"column":16},"end":{"line":5,"column":25}},{"start":{"line":5,"column":29},"end":{"line":5,"column":34}}],"line":5},"2":{"loc":{"start":{"line":9,"column":2},"end":{"line":11,"column":3}},"type":"if","locations":[{"start":{"line":9,"column":2},"end":{"line":11,"column":3}},{"start":{},"end":{}}],"line":9},"3":{"loc":{"start":{"line":13,"column":2},"end":{"line":15,"column":3}},"type":"if","locations":[{"start":{"line":13,"column":2},"end":{"line":15,"column":3}},{"start":{},"end":{}}],"line":13},"4":{"loc":{"start":{"line":20,"column":0},"end":{"line":43,"column":1}},"type":"if","locations":[{"start":{"line":20,"column":0},"end":{"line":43,"column":1}},{"start":{},"end":{}}],"line":20},"5":{"loc":{"start":{"line":24,"column":4},"end":{"line":41,"column":5}},"type":"if","locations":[{"start":{"line":24,"column":4},"end":{"line":41,"column":5}},{"start":{},"end":{}}],"line":24},"6":{"loc":{"start":{"line":33,"column":8},"end":{"line":36,"column":9}},"type":"if","locations":[{"start":{"line":33,"column":8},"end":{"line":36,"column":9}},{"start":{},"end":{}}],"line":33}},"s":{"0":0,"1":0,"2":0,"3":0,"4":0,"5":0,"6":0,"7":0,"8":1,"9":1,"10":0,"11":0,"12":0,"13":0,"14":0,"15":0,"16":0,"17":0,"18":0,"19":0,"20":0,"21":0,"22":1},"f":{"0":0,"1":0,"2":0},"b":{"0":[0,0],"1":[0,0,0],"2":[0,0],"3":[0,0],"4":[1,0],"5":[0,0],"6":[0,0]},"_coverageSchema":"1a1c01bbd47fc00a2c39e90264f33305004495a9","hash":"d46ca4a456cbdabbff0778bbf9a6931e5c2e9e52"}
}
