{"C:\\Users\\Maria\\OneDrive\\Desktop\\vscode\\backend\\Admin\\VolunteerHistory.js": {"path":"C:\\Users\\Maria\\OneDrive\\Desktop\\vscode\\backend\\Admin\\VolunteerHistory.js","statementMap":{"0":{"start":{"line":2,"column":22},"end":{"line":2,"column":60}},"1":{"start":{"line":4,"column":2},"end":{"line":7,"column":3}},"2":{"start":{"line":5,"column":4},"end":{"line":5,"column":58}},"3":{"start":{"line":6,"column":4},"end":{"line":6,"column":11}},"4":{"start":{"line":10,"column":24},"end":{"line":29,"column":3}},"5":{"start":{"line":32,"column":2},"end":{"line":32,"column":29}},"6":{"start":{"line":34,"column":2},"end":{"line":54,"column":5}},"7":{"start":{"line":36,"column":4},"end":{"line":39,"column":5}},"8":{"start":{"line":37,"column":6},"end":{"line":37,"column":54}},"9":{"start":{"line":38,"column":6},"end":{"line":38,"column":13}},"10":{"start":{"line":41,"column":16},"end":{"line":41,"column":44}},"11":{"start":{"line":43,"column":4},"end":{"line":51,"column":6}},"12":{"start":{"line":53,"column":4},"end":{"line":53,"column":33}},"13":{"start":{"line":58,"column":0},"end":{"line":60,"column":1}},"14":{"start":{"line":59,"column":2},"end":{"line":59,"column":68}},"15":{"start":{"line":62,"column":0},"end":{"line":62,"column":42}}},"fnMap":{"0":{"name":"loadVolunteerHistory","decl":{"start":{"line":1,"column":9},"end":{"line":1,"column":29}},"loc":{"start":{"line":1,"column":32},"end":{"line":55,"column":1}},"line":1},"1":{"name":"(anonymous_1)","decl":{"start":{"line":34,"column":24},"end":{"line":34,"column":25}},"loc":{"start":{"line":34,"column":34},"end":{"line":54,"column":3}},"line":34}},"branchMap":{"0":{"loc":{"start":{"line":4,"column":2},"end":{"line":7,"column":3}},"type":"if","locations":[{"start":{"line":4,"column":2},"end":{"line":7,"column":3}},{"start":{},"end":{}}],"line":4},"1":{"loc":{"start":{"line":36,"column":4},"end":{"line":39,"column":5}},"type":"if","locations":[{"start":{"line":36,"column":4},"end":{"line":39,"column":5}},{"start":{},"end":{}}],"line":36},"2":{"loc":{"start":{"line":36,"column":8},"end":{"line":36,"column":53}},"type":"binary-expr","locations":[{"start":{"line":36,"column":8},"end":{"line":36,"column":20}},{"start":{"line":36,"column":24},"end":{"line":36,"column":37}},{"start":{"line":36,"column":41},"end":{"line":36,"column":53}}],"line":36},"3":{"loc":{"start":{"line":58,"column":0},"end":{"line":60,"column":1}},"type":"if","locations":[{"start":{"line":58,"column":0},"end":{"line":60,"column":1}},{"start":{},"end":{}}],"line":58}},"s":{"0":2,"1":2,"2":1,"3":1,"4":1,"5":1,"6":1,"7":2,"8":0,"9":0,"10":2,"11":2,"12":2,"13":1,"14":1,"15":1},"f":{"0":2,"1":2},"b":{"0":[1,1],"1":[0,2],"2":[2,2,2],"3":[1,0]},"_coverageSchema":"1a1c01bbd47fc00a2c39e90264f33305004495a9","hash":"d5763ad51d0f5f1aeccc122d17b1def280cb7434"}
,"C:\\Users\\Maria\\OneDrive\\Desktop\\vscode\\backend\\Admin\\event.js": {"path":"C:\\Users\\Maria\\OneDrive\\Desktop\\vscode\\backend\\Admin\\event.js","statementMap":{"0":{"start":{"line":2,"column":17},"end":{"line":2,"column":19}},"1":{"start":{"line":5,"column":2},"end":{"line":5,"column":96}},"2":{"start":{"line":5,"column":52},"end":{"line":5,"column":96}},"3":{"start":{"line":6,"column":2},"end":{"line":6,"column":111}},"4":{"start":{"line":6,"column":66},"end":{"line":6,"column":111}},"5":{"start":{"line":7,"column":2},"end":{"line":7,"column":102}},"6":{"start":{"line":7,"column":60},"end":{"line":7,"column":102}},"7":{"start":{"line":8,"column":2},"end":{"line":8,"column":92}},"8":{"start":{"line":8,"column":51},"end":{"line":8,"column":92}},"9":{"start":{"line":11,"column":2},"end":{"line":11,"column":86}},"10":{"start":{"line":11,"column":47},"end":{"line":11,"column":86}},"11":{"start":{"line":12,"column":2},"end":{"line":12,"column":101}},"12":{"start":{"line":12,"column":61},"end":{"line":12,"column":101}},"13":{"start":{"line":13,"column":2},"end":{"line":13,"column":92}},"14":{"start":{"line":13,"column":55},"end":{"line":13,"column":92}},"15":{"start":{"line":14,"column":2},"end":{"line":14,"column":102}},"16":{"start":{"line":14,"column":52},"end":{"line":14,"column":102}},"17":{"start":{"line":17,"column":2},"end":{"line":17,"column":107}},"18":{"start":{"line":17,"column":59},"end":{"line":17,"column":107}},"19":{"start":{"line":20,"column":2},"end":{"line":20,"column":101}},"20":{"start":{"line":20,"column":45},"end":{"line":20,"column":101}},"21":{"start":{"line":21,"column":2},"end":{"line":21,"column":118}},"22":{"start":{"line":21,"column":60},"end":{"line":21,"column":118}},"23":{"start":{"line":22,"column":2},"end":{"line":22,"column":107}},"24":{"start":{"line":22,"column":53},"end":{"line":22,"column":107}},"25":{"start":{"line":24,"column":2},"end":{"line":24,"column":16}},"26":{"start":{"line":27,"column":0},"end":{"line":27,"column":35}}},"fnMap":{"0":{"name":"validateEvent","decl":{"start":{"line":1,"column":9},"end":{"line":1,"column":22}},"loc":{"start":{"line":1,"column":30},"end":{"line":25,"column":1}},"line":1}},"branchMap":{"0":{"loc":{"start":{"line":5,"column":2},"end":{"line":5,"column":96}},"type":"if","locations":[{"start":{"line":5,"column":2},"end":{"line":5,"column":96}},{"start":{},"end":{}}],"line":5},"1":{"loc":{"start":{"line":5,"column":6},"end":{"line":5,"column":50}},"type":"binary-expr","locations":[{"start":{"line":5,"column":6},"end":{"line":5,"column":16}},{"start":{"line":5,"column":20},"end":{"line":5,"column":50}}],"line":5},"2":{"loc":{"start":{"line":6,"column":2},"end":{"line":6,"column":111}},"type":"if","locations":[{"start":{"line":6,"column":2},"end":{"line":6,"column":111}},{"start":{},"end":{}}],"line":6},"3":{"loc":{"start":{"line":6,"column":6},"end":{"line":6,"column":64}},"type":"binary-expr","locations":[{"start":{"line":6,"column":6},"end":{"line":6,"column":23}},{"start":{"line":6,"column":27},"end":{"line":6,"column":64}}],"line":6},"4":{"loc":{"start":{"line":7,"column":2},"end":{"line":7,"column":102}},"type":"if","locations":[{"start":{"line":7,"column":2},"end":{"line":7,"column":102}},{"start":{},"end":{}}],"line":7},"5":{"loc":{"start":{"line":7,"column":6},"end":{"line":7,"column":58}},"type":"binary-expr","locations":[{"start":{"line":7,"column":6},"end":{"line":7,"column":20}},{"start":{"line":7,"column":24},"end":{"line":7,"column":58}}],"line":7},"6":{"loc":{"start":{"line":8,"column":2},"end":{"line":8,"column":92}},"type":"if","locations":[{"start":{"line":8,"column":2},"end":{"line":8,"column":92}},{"start":{},"end":{}}],"line":8},"7":{"loc":{"start":{"line":8,"column":6},"end":{"line":8,"column":49}},"type":"binary-expr","locations":[{"start":{"line":8,"column":6},"end":{"line":8,"column":16}},{"start":{"line":8,"column":20},"end":{"line":8,"column":49}}],"line":8},"8":{"loc":{"start":{"line":11,"column":2},"end":{"line":11,"column":86}},"type":"if","locations":[{"start":{"line":11,"column":2},"end":{"line":11,"column":86}},{"start":{},"end":{}}],"line":11},"9":{"loc":{"start":{"line":11,"column":6},"end":{"line":11,"column":45}},"type":"binary-expr","locations":[{"start":{"line":11,"column":6},"end":{"line":11,"column":17}},{"start":{"line":11,"column":21},"end":{"line":11,"column":45}}],"line":11},"10":{"loc":{"start":{"line":12,"column":2},"end":{"line":12,"column":101}},"type":"if","locations":[{"start":{"line":12,"column":2},"end":{"line":12,"column":101}},{"start":{},"end":{}}],"line":12},"11":{"loc":{"start":{"line":12,"column":6},"end":{"line":12,"column":59}},"type":"binary-expr","locations":[{"start":{"line":12,"column":6},"end":{"line":12,"column":24}},{"start":{"line":12,"column":28},"end":{"line":12,"column":59}}],"line":12},"12":{"loc":{"start":{"line":13,"column":2},"end":{"line":13,"column":92}},"type":"if","locations":[{"start":{"line":13,"column":2},"end":{"line":13,"column":92}},{"start":{},"end":{}}],"line":13},"13":{"loc":{"start":{"line":13,"column":6},"end":{"line":13,"column":53}},"type":"binary-expr","locations":[{"start":{"line":13,"column":6},"end":{"line":13,"column":21}},{"start":{"line":13,"column":25},"end":{"line":13,"column":53}}],"line":13},"14":{"loc":{"start":{"line":14,"column":2},"end":{"line":14,"column":102}},"type":"if","locations":[{"start":{"line":14,"column":2},"end":{"line":14,"column":102}},{"start":{},"end":{}}],"line":14},"15":{"loc":{"start":{"line":14,"column":6},"end":{"line":14,"column":50}},"type":"binary-expr","locations":[{"start":{"line":14,"column":6},"end":{"line":14,"column":17}},{"start":{"line":14,"column":21},"end":{"line":14,"column":50}}],"line":14},"16":{"loc":{"start":{"line":17,"column":2},"end":{"line":17,"column":107}},"type":"if","locations":[{"start":{"line":17,"column":2},"end":{"line":17,"column":107}},{"start":{},"end":{}}],"line":17},"17":{"loc":{"start":{"line":17,"column":6},"end":{"line":17,"column":57}},"type":"binary-expr","locations":[{"start":{"line":17,"column":6},"end":{"line":17,"column":26}},{"start":{"line":17,"column":30},"end":{"line":17,"column":57}}],"line":17},"18":{"loc":{"start":{"line":20,"column":2},"end":{"line":20,"column":101}},"type":"if","locations":[{"start":{"line":20,"column":2},"end":{"line":20,"column":101}},{"start":{},"end":{}}],"line":20},"19":{"loc":{"start":{"line":20,"column":6},"end":{"line":20,"column":43}},"type":"binary-expr","locations":[{"start":{"line":20,"column":6},"end":{"line":20,"column":16}},{"start":{"line":20,"column":20},"end":{"line":20,"column":43}}],"line":20},"20":{"loc":{"start":{"line":21,"column":2},"end":{"line":21,"column":118}},"type":"if","locations":[{"start":{"line":21,"column":2},"end":{"line":21,"column":118}},{"start":{},"end":{}}],"line":21},"21":{"loc":{"start":{"line":21,"column":6},"end":{"line":21,"column":58}},"type":"binary-expr","locations":[{"start":{"line":21,"column":6},"end":{"line":21,"column":23}},{"start":{"line":21,"column":27},"end":{"line":21,"column":58}}],"line":21},"22":{"loc":{"start":{"line":22,"column":2},"end":{"line":22,"column":107}},"type":"if","locations":[{"start":{"line":22,"column":2},"end":{"line":22,"column":107}},{"start":{},"end":{}}],"line":22},"23":{"loc":{"start":{"line":22,"column":6},"end":{"line":22,"column":51}},"type":"binary-expr","locations":[{"start":{"line":22,"column":6},"end":{"line":22,"column":20}},{"start":{"line":22,"column":24},"end":{"line":22,"column":51}}],"line":22}},"s":{"0":5,"1":5,"2":1,"3":5,"4":1,"5":5,"6":1,"7":5,"8":1,"9":5,"10":1,"11":4,"12":2,"13":4,"14":1,"15":4,"16":1,"17":4,"18":0,"19":4,"20":0,"21":4,"22":0,"23":4,"24":0,"25":4,"26":1},"f":{"0":5},"b":{"0":[1,4],"1":[5,4],"2":[1,4],"3":[5,3],"4":[1,4],"5":[5,4],"6":[1,4],"7":[5,4],"8":[1,3],"9":[5,4],"10":[2,2],"11":[4,2],"12":[1,3],"13":[4,3],"14":[1,3],"15":[4,3],"16":[0,4],"17":[4,0],"18":[0,4],"19":[4,3],"20":[0,4],"21":[4,2],"22":[0,4],"23":[4,3]},"_coverageSchema":"1a1c01bbd47fc00a2c39e90264f33305004495a9","hash":"e212d7c2df65c1107332a6a12e304b99698bd545"}
,"C:\\Users\\Maria\\OneDrive\\Desktop\\vscode\\backend\\Admin\\matchform.js": {"path":"C:\\Users\\Maria\\OneDrive\\Desktop\\vscode\\backend\\Admin\\matchform.js","statementMap":{"0":{"start":{"line":1,"column":17},"end":{"line":1,"column":19}},"1":{"start":{"line":2,"column":13},"end":{"line":2,"column":15}},"2":{"start":{"line":3,"column":14},"end":{"line":3,"column":16}},"3":{"start":{"line":6,"column":26},"end":{"line":6,"column":68}},"4":{"start":{"line":7,"column":22},"end":{"line":7,"column":60}},"5":{"start":{"line":8,"column":20},"end":{"line":8,"column":56}},"6":{"start":{"line":9,"column":23},"end":{"line":9,"column":62}},"7":{"start":{"line":11,"column":2},"end":{"line":14,"column":3}},"8":{"start":{"line":12,"column":4},"end":{"line":12,"column":52}},"9":{"start":{"line":13,"column":4},"end":{"line":13,"column":11}},"10":{"start":{"line":17,"column":2},"end":{"line":29,"column":67}},"11":{"start":{"line":18,"column":17},"end":{"line":18,"column":27}},"12":{"start":{"line":20,"column":6},"end":{"line":20,"column":24}},"13":{"start":{"line":21,"column":6},"end":{"line":21,"column":85}},"14":{"start":{"line":22,"column":6},"end":{"line":27,"column":9}},"15":{"start":{"line":23,"column":23},"end":{"line":23,"column":55}},"16":{"start":{"line":24,"column":8},"end":{"line":24,"column":28}},"17":{"start":{"line":25,"column":8},"end":{"line":25,"column":36}},"18":{"start":{"line":26,"column":8},"end":{"line":26,"column":44}},"19":{"start":{"line":29,"column":18},"end":{"line":29,"column":65}},"20":{"start":{"line":32,"column":2},"end":{"line":44,"column":63}},"21":{"start":{"line":33,"column":17},"end":{"line":33,"column":27}},"22":{"start":{"line":35,"column":6},"end":{"line":35,"column":20}},"23":{"start":{"line":36,"column":6},"end":{"line":36,"column":77}},"24":{"start":{"line":37,"column":6},"end":{"line":42,"column":9}},"25":{"start":{"line":38,"column":23},"end":{"line":38,"column":55}},"26":{"start":{"line":39,"column":8},"end":{"line":39,"column":28}},"27":{"start":{"line":40,"column":8},"end":{"line":40,"column":36}},"28":{"start":{"line":41,"column":8},"end":{"line":41,"column":40}},"29":{"start":{"line":44,"column":18},"end":{"line":44,"column":61}},"30":{"start":{"line":47,"column":2},"end":{"line":53,"column":73}},"31":{"start":{"line":48,"column":17},"end":{"line":48,"column":27}},"32":{"start":{"line":50,"column":6},"end":{"line":50,"column":21}},"33":{"start":{"line":51,"column":6},"end":{"line":51,"column":24}},"34":{"start":{"line":53,"column":18},"end":{"line":53,"column":71}},"35":{"start":{"line":56,"column":2},"end":{"line":104,"column":5}},"36":{"start":{"line":57,"column":4},"end":{"line":57,"column":23}},"37":{"start":{"line":59,"column":24},"end":{"line":59,"column":55}},"38":{"start":{"line":60,"column":20},"end":{"line":60,"column":47}},"39":{"start":{"line":62,"column":4},"end":{"line":65,"column":5}},"40":{"start":{"line":63,"column":6},"end":{"line":63,"column":60}},"41":{"start":{"line":64,"column":6},"end":{"line":64,"column":13}},"42":{"start":{"line":67,"column":22},"end":{"line":67,"column":64}},"43":{"start":{"line":67,"column":43},"end":{"line":67,"column":63}},"44":{"start":{"line":68,"column":18},"end":{"line":68,"column":54}},"45":{"start":{"line":68,"column":36},"end":{"line":68,"column":53}},"46":{"start":{"line":70,"column":4},"end":{"line":73,"column":5}},"47":{"start":{"line":71,"column":6},"end":{"line":71,"column":53}},"48":{"start":{"line":72,"column":6},"end":{"line":72,"column":13}},"49":{"start":{"line":76,"column":26},"end":{"line":76,"column":98}},"50":{"start":{"line":76,"column":64},"end":{"line":76,"column":97}},"51":{"start":{"line":77,"column":4},"end":{"line":82,"column":5}},"52":{"start":{"line":78,"column":22},"end":{"line":80,"column":7}},"53":{"start":{"line":81,"column":6},"end":{"line":81,"column":27}},"54":{"start":{"line":81,"column":20},"end":{"line":81,"column":27}},"55":{"start":{"line":85,"column":4},"end":{"line":103,"column":64}},"56":{"start":{"line":90,"column":17},"end":{"line":90,"column":27}},"57":{"start":{"line":92,"column":6},"end":{"line":95,"column":7}},"58":{"start":{"line":93,"column":8},"end":{"line":93,"column":66}},"59":{"start":{"line":94,"column":8},"end":{"line":94,"column":15}},"60":{"start":{"line":98,"column":6},"end":{"line":98,"column":41}},"61":{"start":{"line":99,"column":6},"end":{"line":99,"column":24}},"62":{"start":{"line":100,"column":6},"end":{"line":100,"column":27}},"63":{"start":{"line":101,"column":6},"end":{"line":101,"column":30}},"64":{"start":{"line":103,"column":18},"end":{"line":103,"column":62}},"65":{"start":{"line":108,"column":4},"end":{"line":108,"column":29}},"66":{"start":{"line":109,"column":4},"end":{"line":112,"column":5}},"67":{"start":{"line":110,"column":6},"end":{"line":110,"column":55}},"68":{"start":{"line":111,"column":6},"end":{"line":111,"column":13}},"69":{"start":{"line":113,"column":4},"end":{"line":117,"column":7}},"70":{"start":{"line":114,"column":17},"end":{"line":114,"column":45}},"71":{"start":{"line":115,"column":6},"end":{"line":115,"column":63}},"72":{"start":{"line":116,"column":6},"end":{"line":116,"column":32}},"73":{"start":{"line":121,"column":0},"end":{"line":121,"column":61}}},"fnMap":{"0":{"name":"initMatchForm","decl":{"start":{"line":5,"column":9},"end":{"line":5,"column":22}},"loc":{"start":{"line":5,"column":25},"end":{"line":119,"column":1}},"line":5},"1":{"name":"(anonymous_1)","decl":{"start":{"line":18,"column":10},"end":{"line":18,"column":11}},"loc":{"start":{"line":18,"column":17},"end":{"line":18,"column":27}},"line":18},"2":{"name":"(anonymous_2)","decl":{"start":{"line":19,"column":10},"end":{"line":19,"column":11}},"loc":{"start":{"line":19,"column":18},"end":{"line":28,"column":5}},"line":19},"3":{"name":"(anonymous_3)","decl":{"start":{"line":22,"column":25},"end":{"line":22,"column":26}},"loc":{"start":{"line":22,"column":30},"end":{"line":27,"column":7}},"line":22},"4":{"name":"(anonymous_4)","decl":{"start":{"line":29,"column":11},"end":{"line":29,"column":12}},"loc":{"start":{"line":29,"column":18},"end":{"line":29,"column":65}},"line":29},"5":{"name":"(anonymous_5)","decl":{"start":{"line":33,"column":10},"end":{"line":33,"column":11}},"loc":{"start":{"line":33,"column":17},"end":{"line":33,"column":27}},"line":33},"6":{"name":"(anonymous_6)","decl":{"start":{"line":34,"column":10},"end":{"line":34,"column":11}},"loc":{"start":{"line":34,"column":18},"end":{"line":43,"column":5}},"line":34},"7":{"name":"(anonymous_7)","decl":{"start":{"line":37,"column":21},"end":{"line":37,"column":22}},"loc":{"start":{"line":37,"column":26},"end":{"line":42,"column":7}},"line":37},"8":{"name":"(anonymous_8)","decl":{"start":{"line":44,"column":11},"end":{"line":44,"column":12}},"loc":{"start":{"line":44,"column":18},"end":{"line":44,"column":61}},"line":44},"9":{"name":"(anonymous_9)","decl":{"start":{"line":48,"column":10},"end":{"line":48,"column":11}},"loc":{"start":{"line":48,"column":17},"end":{"line":48,"column":27}},"line":48},"10":{"name":"(anonymous_10)","decl":{"start":{"line":49,"column":10},"end":{"line":49,"column":11}},"loc":{"start":{"line":49,"column":18},"end":{"line":52,"column":5}},"line":49},"11":{"name":"(anonymous_11)","decl":{"start":{"line":53,"column":11},"end":{"line":53,"column":12}},"loc":{"start":{"line":53,"column":18},"end":{"line":53,"column":71}},"line":53},"12":{"name":"(anonymous_12)","decl":{"start":{"line":56,"column":42},"end":{"line":56,"column":43}},"loc":{"start":{"line":56,"column":49},"end":{"line":104,"column":3}},"line":56},"13":{"name":"(anonymous_13)","decl":{"start":{"line":67,"column":38},"end":{"line":67,"column":39}},"loc":{"start":{"line":67,"column":43},"end":{"line":67,"column":63}},"line":67},"14":{"name":"(anonymous_14)","decl":{"start":{"line":68,"column":30},"end":{"line":68,"column":31}},"loc":{"start":{"line":68,"column":36},"end":{"line":68,"column":53}},"line":68},"15":{"name":"(anonymous_15)","decl":{"start":{"line":76,"column":55},"end":{"line":76,"column":56}},"loc":{"start":{"line":76,"column":64},"end":{"line":76,"column":97}},"line":76},"16":{"name":"(anonymous_16)","decl":{"start":{"line":90,"column":10},"end":{"line":90,"column":11}},"loc":{"start":{"line":90,"column":17},"end":{"line":90,"column":27}},"line":90},"17":{"name":"(anonymous_17)","decl":{"start":{"line":91,"column":10},"end":{"line":91,"column":11}},"loc":{"start":{"line":91,"column":22},"end":{"line":102,"column":5}},"line":91},"18":{"name":"(anonymous_18)","decl":{"start":{"line":103,"column":11},"end":{"line":103,"column":12}},"loc":{"start":{"line":103,"column":18},"end":{"line":103,"column":62}},"line":103},"19":{"name":"updateMatchList","decl":{"start":{"line":107,"column":11},"end":{"line":107,"column":26}},"loc":{"start":{"line":107,"column":29},"end":{"line":118,"column":3}},"line":107},"20":{"name":"(anonymous_20)","decl":{"start":{"line":113,"column":20},"end":{"line":113,"column":21}},"loc":{"start":{"line":113,"column":25},"end":{"line":117,"column":5}},"line":113}},"branchMap":{"0":{"loc":{"start":{"line":11,"column":2},"end":{"line":14,"column":3}},"type":"if","locations":[{"start":{"line":11,"column":2},"end":{"line":14,"column":3}},{"start":{},"end":{}}],"line":11},"1":{"loc":{"start":{"line":11,"column":6},"end":{"line":11,"column":69}},"type":"binary-expr","locations":[{"start":{"line":11,"column":6},"end":{"line":11,"column":22}},{"start":{"line":11,"column":26},"end":{"line":11,"column":38}},{"start":{"line":11,"column":42},"end":{"line":11,"column":52}},{"start":{"line":11,"column":56},"end":{"line":11,"column":69}}],"line":11},"2":{"loc":{"start":{"line":62,"column":4},"end":{"line":65,"column":5}},"type":"if","locations":[{"start":{"line":62,"column":4},"end":{"line":65,"column":5}},{"start":{},"end":{}}],"line":62},"3":{"loc":{"start":{"line":62,"column":8},"end":{"line":62,"column":32}},"type":"binary-expr","locations":[{"start":{"line":62,"column":8},"end":{"line":62,"column":20}},{"start":{"line":62,"column":24},"end":{"line":62,"column":32}}],"line":62},"4":{"loc":{"start":{"line":70,"column":4},"end":{"line":73,"column":5}},"type":"if","locations":[{"start":{"line":70,"column":4},"end":{"line":73,"column":5}},{"start":{},"end":{}}],"line":70},"5":{"loc":{"start":{"line":70,"column":8},"end":{"line":70,"column":28}},"type":"binary-expr","locations":[{"start":{"line":70,"column":8},"end":{"line":70,"column":18}},{"start":{"line":70,"column":22},"end":{"line":70,"column":28}}],"line":70},"6":{"loc":{"start":{"line":77,"column":4},"end":{"line":82,"column":5}},"type":"if","locations":[{"start":{"line":77,"column":4},"end":{"line":82,"column":5}},{"start":{},"end":{}}],"line":77},"7":{"loc":{"start":{"line":81,"column":6},"end":{"line":81,"column":27}},"type":"if","locations":[{"start":{"line":81,"column":6},"end":{"line":81,"column":27}},{"start":{},"end":{}}],"line":81},"8":{"loc":{"start":{"line":92,"column":6},"end":{"line":95,"column":7}},"type":"if","locations":[{"start":{"line":92,"column":6},"end":{"line":95,"column":7}},{"start":{},"end":{}}],"line":92},"9":{"loc":{"start":{"line":109,"column":4},"end":{"line":112,"column":5}},"type":"if","locations":[{"start":{"line":109,"column":4},"end":{"line":112,"column":5}},{"start":{},"end":{}}],"line":109}},"s":{"0":1,"1":1,"2":1,"3":3,"4":3,"5":3,"6":3,"7":3,"8":0,"9":0,"10":3,"11":3,"12":3,"13":3,"14":3,"15":1,"16":1,"17":1,"18":1,"19":0,"20":3,"21":3,"22":3,"23":3,"24":3,"25":1,"26":1,"27":1,"28":1,"29":0,"30":3,"31":3,"32":3,"33":3,"34":0,"35":3,"36":0,"37":0,"38":0,"39":0,"40":0,"41":0,"42":0,"43":0,"44":0,"45":0,"46":0,"47":0,"48":0,"49":0,"50":0,"51":0,"52":0,"53":0,"54":0,"55":0,"56":0,"57":0,"58":0,"59":0,"60":0,"61":0,"62":0,"63":0,"64":0,"65":3,"66":3,"67":2,"68":2,"69":1,"70":1,"71":1,"72":1,"73":1},"f":{"0":3,"1":3,"2":3,"3":1,"4":0,"5":3,"6":3,"7":1,"8":0,"9":3,"10":3,"11":0,"12":0,"13":0,"14":0,"15":0,"16":0,"17":0,"18":0,"19":3,"20":1},"b":{"0":[0,3],"1":[3,3,3,3],"2":[0,0],"3":[0,0],"4":[0,0],"5":[0,0],"6":[0,0],"7":[0,0],"8":[0,0],"9":[2,1]},"_coverageSchema":"1a1c01bbd47fc00a2c39e90264f33305004495a9","hash":"027dd2542cc8cdd11c300791bf93d67074dfb684"}
,"C:\\Users\\Maria\\OneDrive\\Desktop\\vscode\\backend\\Admin\\notifications.js": {"path":"C:\\Users\\Maria\\OneDrive\\Desktop\\vscode\\backend\\Admin\\notifications.js","statementMap":{"0":{"start":{"line":1,"column":11},"end":{"line":1,"column":27}},"1":{"start":{"line":5,"column":2},"end":{"line":11,"column":3}},"2":{"start":{"line":6,"column":19},"end":{"line":6,"column":105}},"3":{"start":{"line":7,"column":4},"end":{"line":7,"column":16}},"4":{"start":{"line":9,"column":4},"end":{"line":9,"column":52}},"5":{"start":{"line":10,"column":4},"end":{"line":10,"column":14}},"6":{"start":{"line":16,"column":2},"end":{"line":18,"column":3}},"7":{"start":{"line":17,"column":4},"end":{"line":17,"column":70}},"8":{"start":{"line":20,"column":2},"end":{"line":40,"column":3}},"9":{"start":{"line":21,"column":22},"end":{"line":21,"column":60}},"10":{"start":{"line":23,"column":4},"end":{"line":34,"column":5}},"11":{"start":{"line":25,"column":6},"end":{"line":28,"column":8}},"12":{"start":{"line":30,"column":6},"end":{"line":33,"column":8}},"13":{"start":{"line":36,"column":4},"end":{"line":36,"column":29}},"14":{"start":{"line":38,"column":4},"end":{"line":38,"column":54}},"15":{"start":{"line":39,"column":4},"end":{"line":39,"column":50}},"16":{"start":{"line":43,"column":0},"end":{"line":43,"column":54}}},"fnMap":{"0":{"name":"loadVolunteers","decl":{"start":{"line":4,"column":15},"end":{"line":4,"column":29}},"loc":{"start":{"line":4,"column":32},"end":{"line":12,"column":1}},"line":4},"1":{"name":"sendNotification","decl":{"start":{"line":15,"column":15},"end":{"line":15,"column":31}},"loc":{"start":{"line":15,"column":64},"end":{"line":41,"column":1}},"line":15}},"branchMap":{"0":{"loc":{"start":{"line":16,"column":2},"end":{"line":18,"column":3}},"type":"if","locations":[{"start":{"line":16,"column":2},"end":{"line":18,"column":3}},{"start":{},"end":{}}],"line":16},"1":{"loc":{"start":{"line":16,"column":6},"end":{"line":16,"column":23}},"type":"binary-expr","locations":[{"start":{"line":16,"column":6},"end":{"line":16,"column":11}},{"start":{"line":16,"column":15},"end":{"line":16,"column":23}}],"line":16},"2":{"loc":{"start":{"line":23,"column":4},"end":{"line":34,"column":5}},"type":"if","locations":[{"start":{"line":23,"column":4},"end":{"line":34,"column":5}},{"start":{"line":29,"column":11},"end":{"line":34,"column":5}}],"line":23}},"s":{"0":1,"1":2,"2":2,"3":1,"4":1,"5":1,"6":4,"7":1,"8":3,"9":3,"10":3,"11":1,"12":2,"13":2,"14":1,"15":1,"16":1},"f":{"0":2,"1":4},"b":{"0":[1,3],"1":[4,3],"2":[1,2]},"_coverageSchema":"1a1c01bbd47fc00a2c39e90264f33305004495a9","hash":"8560adc8e5fb868bee8887713138772809406827"}
,"C:\\Users\\Maria\\OneDrive\\Desktop\\vscode\\backend\\Login\\login.js": {"path":"C:\\Users\\Maria\\OneDrive\\Desktop\\vscode\\backend\\Login\\login.js","statementMap":{"0":{"start":{"line":3,"column":0},"end":{"line":3,"column":33}},"1":{"start":{"line":6,"column":23},"end":{"line":6,"column":51}},"2":{"start":{"line":8,"column":2},"end":{"line":10,"column":3}},"3":{"start":{"line":9,"column":4},"end":{"line":9,"column":71}},"4":{"start":{"line":11,"column":2},"end":{"line":13,"column":3}},"5":{"start":{"line":12,"column":4},"end":{"line":12,"column":61}},"6":{"start":{"line":14,"column":2},"end":{"line":16,"column":3}},"7":{"start":{"line":15,"column":4},"end":{"line":15,"column":83}},"8":{"start":{"line":17,"column":2},"end":{"line":17,"column":25}},"9":{"start":{"line":20,"column":0},"end":{"line":86,"column":3}},"10":{"start":{"line":21,"column":2},"end":{"line":21,"column":42}},"11":{"start":{"line":23,"column":15},"end":{"line":23,"column":51}},"12":{"start":{"line":24,"column":2},"end":{"line":27,"column":3}},"13":{"start":{"line":25,"column":4},"end":{"line":25,"column":45}},"14":{"start":{"line":26,"column":4},"end":{"line":26,"column":11}},"15":{"start":{"line":29,"column":2},"end":{"line":85,"column":5}},"16":{"start":{"line":30,"column":4},"end":{"line":30,"column":23}},"17":{"start":{"line":32,"column":18},"end":{"line":32,"column":68}},"18":{"start":{"line":33,"column":21},"end":{"line":33,"column":74}},"19":{"start":{"line":35,"column":23},"end":{"line":35,"column":59}},"20":{"start":{"line":36,"column":4},"end":{"line":39,"column":5}},"21":{"start":{"line":37,"column":6},"end":{"line":37,"column":30}},"22":{"start":{"line":38,"column":6},"end":{"line":38,"column":13}},"23":{"start":{"line":41,"column":21},"end":{"line":41,"column":44}},"24":{"start":{"line":43,"column":4},"end":{"line":84,"column":5}},"25":{"start":{"line":44,"column":18},"end":{"line":48,"column":8}},"26":{"start":{"line":50,"column":6},"end":{"line":56,"column":7}},"27":{"start":{"line":51,"column":8},"end":{"line":54,"column":9}},"28":{"start":{"line":52,"column":10},"end":{"line":52,"column":46}},"29":{"start":{"line":53,"column":10},"end":{"line":53,"column":17}},"30":{"start":{"line":55,"column":8},"end":{"line":55,"column":60}},"31":{"start":{"line":58,"column":19},"end":{"line":58,"column":35}},"32":{"start":{"line":59,"column":6},"end":{"line":59,"column":44}},"33":{"start":{"line":61,"column":6},"end":{"line":61,"column":52}},"34":{"start":{"line":62,"column":6},"end":{"line":62,"column":46}},"35":{"start":{"line":64,"column":6},"end":{"line":80,"column":7}},"36":{"start":{"line":65,"column":27},"end":{"line":65,"column":78}},"37":{"start":{"line":66,"column":8},"end":{"line":75,"column":9}},"38":{"start":{"line":67,"column":26},"end":{"line":67,"column":49}},"39":{"start":{"line":68,"column":10},"end":{"line":72,"column":11}},"40":{"start":{"line":69,"column":12},"end":{"line":69,"column":93}},"41":{"start":{"line":71,"column":12},"end":{"line":71,"column":79}},"42":{"start":{"line":74,"column":10},"end":{"line":74,"column":77}},"43":{"start":{"line":76,"column":13},"end":{"line":80,"column":7}},"44":{"start":{"line":77,"column":8},"end":{"line":77,"column":62}},"45":{"start":{"line":79,"column":8},"end":{"line":79,"column":60}},"46":{"start":{"line":82,"column":6},"end":{"line":82,"column":43}},"47":{"start":{"line":83,"column":6},"end":{"line":83,"column":44}},"48":{"start":{"line":89,"column":0},"end":{"line":91,"column":1}},"49":{"start":{"line":90,"column":2},"end":{"line":90,"column":43}}},"fnMap":{"0":{"name":"validateLoginFields","decl":{"start":{"line":5,"column":9},"end":{"line":5,"column":28}},"loc":{"start":{"line":5,"column":46},"end":{"line":18,"column":1}},"line":5},"1":{"name":"(anonymous_1)","decl":{"start":{"line":20,"column":46},"end":{"line":20,"column":47}},"loc":{"start":{"line":20,"column":52},"end":{"line":86,"column":1}},"line":20},"2":{"name":"(anonymous_2)","decl":{"start":{"line":29,"column":34},"end":{"line":29,"column":35}},"loc":{"start":{"line":29,"column":47},"end":{"line":85,"column":3}},"line":29}},"branchMap":{"0":{"loc":{"start":{"line":8,"column":2},"end":{"line":10,"column":3}},"type":"if","locations":[{"start":{"line":8,"column":2},"end":{"line":10,"column":3}},{"start":{},"end":{}}],"line":8},"1":{"loc":{"start":{"line":8,"column":6},"end":{"line":8,"column":25}},"type":"binary-expr","locations":[{"start":{"line":8,"column":6},"end":{"line":8,"column":12}},{"start":{"line":8,"column":16},"end":{"line":8,"column":25}}],"line":8},"2":{"loc":{"start":{"line":11,"column":2},"end":{"line":13,"column":3}},"type":"if","locations":[{"start":{"line":11,"column":2},"end":{"line":13,"column":3}},{"start":{},"end":{}}],"line":11},"3":{"loc":{"start":{"line":14,"column":2},"end":{"line":16,"column":3}},"type":"if","locations":[{"start":{"line":14,"column":2},"end":{"line":16,"column":3}},{"start":{},"end":{}}],"line":14},"4":{"loc":{"start":{"line":24,"column":2},"end":{"line":27,"column":3}},"type":"if","locations":[{"start":{"line":24,"column":2},"end":{"line":27,"column":3}},{"start":{},"end":{}}],"line":24},"5":{"loc":{"start":{"line":36,"column":4},"end":{"line":39,"column":5}},"type":"if","locations":[{"start":{"line":36,"column":4},"end":{"line":39,"column":5}},{"start":{},"end":{}}],"line":36},"6":{"loc":{"start":{"line":50,"column":6},"end":{"line":56,"column":7}},"type":"if","locations":[{"start":{"line":50,"column":6},"end":{"line":56,"column":7}},{"start":{},"end":{}}],"line":50},"7":{"loc":{"start":{"line":51,"column":8},"end":{"line":54,"column":9}},"type":"if","locations":[{"start":{"line":51,"column":8},"end":{"line":54,"column":9}},{"start":{},"end":{}}],"line":51},"8":{"loc":{"start":{"line":64,"column":6},"end":{"line":80,"column":7}},"type":"if","locations":[{"start":{"line":64,"column":6},"end":{"line":80,"column":7}},{"start":{"line":76,"column":13},"end":{"line":80,"column":7}}],"line":64},"9":{"loc":{"start":{"line":66,"column":8},"end":{"line":75,"column":9}},"type":"if","locations":[{"start":{"line":66,"column":8},"end":{"line":75,"column":9}},{"start":{"line":73,"column":15},"end":{"line":75,"column":9}}],"line":66},"10":{"loc":{"start":{"line":68,"column":10},"end":{"line":72,"column":11}},"type":"if","locations":[{"start":{"line":68,"column":10},"end":{"line":72,"column":11}},{"start":{"line":70,"column":17},"end":{"line":72,"column":11}}],"line":68},"11":{"loc":{"start":{"line":68,"column":14},"end":{"line":68,"column":43}},"type":"binary-expr","locations":[{"start":{"line":68,"column":14},"end":{"line":68,"column":21}},{"start":{"line":68,"column":25},"end":{"line":68,"column":43}}],"line":68},"12":{"loc":{"start":{"line":76,"column":13},"end":{"line":80,"column":7}},"type":"if","locations":[{"start":{"line":76,"column":13},"end":{"line":80,"column":7}},{"start":{"line":78,"column":13},"end":{"line":80,"column":7}}],"line":76},"13":{"loc":{"start":{"line":89,"column":0},"end":{"line":91,"column":1}},"type":"if","locations":[{"start":{"line":89,"column":0},"end":{"line":91,"column":1}},{"start":{},"end":{}}],"line":89}},"s":{"0":1,"1":4,"2":4,"3":1,"4":3,"5":1,"6":2,"7":1,"8":1,"9":1,"10":0,"11":0,"12":0,"13":0,"14":0,"15":0,"16":0,"17":0,"18":0,"19":0,"20":0,"21":0,"22":0,"23":0,"24":0,"25":0,"26":0,"27":0,"28":0,"29":0,"30":0,"31":0,"32":0,"33":0,"34":0,"35":0,"36":0,"37":0,"38":0,"39":0,"40":0,"41":0,"42":0,"43":0,"44":0,"45":0,"46":0,"47":0,"48":1,"49":1},"f":{"0":4,"1":0,"2":0},"b":{"0":[1,3],"1":[4,3],"2":[1,2],"3":[1,1],"4":[0,0],"5":[0,0],"6":[0,0],"7":[0,0],"8":[0,0],"9":[0,0],"10":[0,0],"11":[0,0],"12":[0,0],"13":[1,0]},"_coverageSchema":"1a1c01bbd47fc00a2c39e90264f33305004495a9","hash":"f0fecc0ba23384599e57a6e94404f6ed9f173edc"}
,"C:\\Users\\Maria\\OneDrive\\Desktop\\vscode\\backend\\Login\\registration.js": {"path":"C:\\Users\\Maria\\OneDrive\\Desktop\\vscode\\backend\\Login\\registration.js","statementMap":{"0":{"start":{"line":3,"column":0},"end":{"line":3,"column":38}},"1":{"start":{"line":6,"column":23},"end":{"line":6,"column":51}},"2":{"start":{"line":7,"column":21},"end":{"line":7,"column":43}},"3":{"start":{"line":9,"column":2},"end":{"line":11,"column":3}},"4":{"start":{"line":10,"column":4},"end":{"line":10,"column":63}},"5":{"start":{"line":12,"column":2},"end":{"line":14,"column":3}},"6":{"start":{"line":13,"column":4},"end":{"line":13,"column":61}},"7":{"start":{"line":15,"column":2},"end":{"line":17,"column":3}},"8":{"start":{"line":16,"column":4},"end":{"line":16,"column":83}},"9":{"start":{"line":18,"column":2},"end":{"line":20,"column":3}},"10":{"start":{"line":19,"column":4},"end":{"line":19,"column":81}},"11":{"start":{"line":21,"column":2},"end":{"line":23,"column":3}},"12":{"start":{"line":22,"column":4},"end":{"line":22,"column":80}},"13":{"start":{"line":24,"column":2},"end":{"line":26,"column":3}},"14":{"start":{"line":25,"column":4},"end":{"line":25,"column":70}},"15":{"start":{"line":27,"column":2},"end":{"line":29,"column":3}},"16":{"start":{"line":28,"column":4},"end":{"line":28,"column":81}},"17":{"start":{"line":30,"column":2},"end":{"line":32,"column":3}},"18":{"start":{"line":31,"column":4},"end":{"line":31,"column":62}},"19":{"start":{"line":33,"column":2},"end":{"line":35,"column":3}},"20":{"start":{"line":34,"column":4},"end":{"line":34,"column":61}},"21":{"start":{"line":37,"column":2},"end":{"line":37,"column":25}},"22":{"start":{"line":40,"column":0},"end":{"line":80,"column":3}},"23":{"start":{"line":41,"column":2},"end":{"line":41,"column":42}},"24":{"start":{"line":43,"column":15},"end":{"line":43,"column":58}},"25":{"start":{"line":44,"column":2},"end":{"line":44,"column":20}},"26":{"start":{"line":44,"column":13},"end":{"line":44,"column":20}},"27":{"start":{"line":46,"column":2},"end":{"line":79,"column":5}},"28":{"start":{"line":47,"column":4},"end":{"line":47,"column":23}},"29":{"start":{"line":49,"column":18},"end":{"line":49,"column":63}},"30":{"start":{"line":50,"column":21},"end":{"line":50,"column":69}},"31":{"start":{"line":51,"column":28},"end":{"line":51,"column":83}},"32":{"start":{"line":52,"column":17},"end":{"line":52,"column":54}},"33":{"start":{"line":54,"column":23},"end":{"line":54,"column":89}},"34":{"start":{"line":55,"column":4},"end":{"line":58,"column":5}},"35":{"start":{"line":56,"column":6},"end":{"line":56,"column":30}},"36":{"start":{"line":57,"column":6},"end":{"line":57,"column":13}},"37":{"start":{"line":60,"column":4},"end":{"line":78,"column":5}},"38":{"start":{"line":61,"column":18},"end":{"line":65,"column":8}},"39":{"start":{"line":67,"column":6},"end":{"line":69,"column":7}},"40":{"start":{"line":68,"column":8},"end":{"line":68,"column":67}},"41":{"start":{"line":71,"column":19},"end":{"line":71,"column":35}},"42":{"start":{"line":72,"column":6},"end":{"line":72,"column":40}},"43":{"start":{"line":73,"column":6},"end":{"line":73,"column":40}},"44":{"start":{"line":74,"column":6},"end":{"line":74,"column":42}},"45":{"start":{"line":76,"column":6},"end":{"line":76,"column":49}},"46":{"start":{"line":77,"column":6},"end":{"line":77,"column":51}},"47":{"start":{"line":83,"column":0},"end":{"line":85,"column":1}},"48":{"start":{"line":84,"column":2},"end":{"line":84,"column":50}}},"fnMap":{"0":{"name":"validateRegistrationFields","decl":{"start":{"line":5,"column":9},"end":{"line":5,"column":35}},"loc":{"start":{"line":5,"column":76},"end":{"line":38,"column":1}},"line":5},"1":{"name":"(anonymous_1)","decl":{"start":{"line":40,"column":46},"end":{"line":40,"column":47}},"loc":{"start":{"line":40,"column":52},"end":{"line":80,"column":1}},"line":40},"2":{"name":"(anonymous_2)","decl":{"start":{"line":46,"column":34},"end":{"line":46,"column":35}},"loc":{"start":{"line":46,"column":47},"end":{"line":79,"column":3}},"line":46}},"branchMap":{"0":{"loc":{"start":{"line":9,"column":2},"end":{"line":11,"column":3}},"type":"if","locations":[{"start":{"line":9,"column":2},"end":{"line":11,"column":3}},{"start":{},"end":{}}],"line":9},"1":{"loc":{"start":{"line":9,"column":6},"end":{"line":9,"column":54}},"type":"binary-expr","locations":[{"start":{"line":9,"column":6},"end":{"line":9,"column":12}},{"start":{"line":9,"column":16},"end":{"line":9,"column":25}},{"start":{"line":9,"column":29},"end":{"line":9,"column":45}},{"start":{"line":9,"column":49},"end":{"line":9,"column":54}}],"line":9},"2":{"loc":{"start":{"line":12,"column":2},"end":{"line":14,"column":3}},"type":"if","locations":[{"start":{"line":12,"column":2},"end":{"line":14,"column":3}},{"start":{},"end":{}}],"line":12},"3":{"loc":{"start":{"line":15,"column":2},"end":{"line":17,"column":3}},"type":"if","locations":[{"start":{"line":15,"column":2},"end":{"line":17,"column":3}},{"start":{},"end":{}}],"line":15},"4":{"loc":{"start":{"line":18,"column":2},"end":{"line":20,"column":3}},"type":"if","locations":[{"start":{"line":18,"column":2},"end":{"line":20,"column":3}},{"start":{},"end":{}}],"line":18},"5":{"loc":{"start":{"line":21,"column":2},"end":{"line":23,"column":3}},"type":"if","locations":[{"start":{"line":21,"column":2},"end":{"line":23,"column":3}},{"start":{},"end":{}}],"line":21},"6":{"loc":{"start":{"line":24,"column":2},"end":{"line":26,"column":3}},"type":"if","locations":[{"start":{"line":24,"column":2},"end":{"line":26,"column":3}},{"start":{},"end":{}}],"line":24},"7":{"loc":{"start":{"line":27,"column":2},"end":{"line":29,"column":3}},"type":"if","locations":[{"start":{"line":27,"column":2},"end":{"line":29,"column":3}},{"start":{},"end":{}}],"line":27},"8":{"loc":{"start":{"line":30,"column":2},"end":{"line":32,"column":3}},"type":"if","locations":[{"start":{"line":30,"column":2},"end":{"line":32,"column":3}},{"start":{},"end":{}}],"line":30},"9":{"loc":{"start":{"line":33,"column":2},"end":{"line":35,"column":3}},"type":"if","locations":[{"start":{"line":33,"column":2},"end":{"line":35,"column":3}},{"start":{},"end":{}}],"line":33},"10":{"loc":{"start":{"line":44,"column":2},"end":{"line":44,"column":20}},"type":"if","locations":[{"start":{"line":44,"column":2},"end":{"line":44,"column":20}},{"start":{},"end":{}}],"line":44},"11":{"loc":{"start":{"line":55,"column":4},"end":{"line":58,"column":5}},"type":"if","locations":[{"start":{"line":55,"column":4},"end":{"line":58,"column":5}},{"start":{},"end":{}}],"line":55},"12":{"loc":{"start":{"line":67,"column":6},"end":{"line":69,"column":7}},"type":"if","locations":[{"start":{"line":67,"column":6},"end":{"line":69,"column":7}},{"start":{},"end":{}}],"line":67},"13":{"loc":{"start":{"line":83,"column":0},"end":{"line":85,"column":1}},"type":"if","locations":[{"start":{"line":83,"column":0},"end":{"line":85,"column":1}},{"start":{},"end":{}}],"line":83}},"s":{"0":1,"1":10,"2":10,"3":10,"4":1,"5":9,"6":1,"7":8,"8":1,"9":7,"10":1,"11":6,"12":1,"13":5,"14":1,"15":4,"16":1,"17":3,"18":1,"19":2,"20":1,"21":1,"22":1,"23":0,"24":0,"25":0,"26":0,"27":0,"28":0,"29":0,"30":0,"31":0,"32":0,"33":0,"34":0,"35":0,"36":0,"37":0,"38":0,"39":0,"40":0,"41":0,"42":0,"43":0,"44":0,"45":0,"46":0,"47":1,"48":1},"f":{"0":10,"1":0,"2":0},"b":{"0":[1,9],"1":[10,9,9,9],"2":[1,8],"3":[1,7],"4":[1,6],"5":[1,5],"6":[1,4],"7":[1,3],"8":[1,2],"9":[1,1],"10":[0,0],"11":[0,0],"12":[0,0],"13":[1,0]},"_coverageSchema":"1a1c01bbd47fc00a2c39e90264f33305004495a9","hash":"e869d8b7a51e6eb619aff0fef77af2cf27dfd994"}
,"C:\\Users\\Maria\\OneDrive\\Desktop\\vscode\\backend\\Volunteer\\notifications.js": {"path":"C:\\Users\\Maria\\OneDrive\\Desktop\\vscode\\backend\\Volunteer\\notifications.js","statementMap":{"0":{"start":{"line":1,"column":11},"end":{"line":1,"column":27}},"1":{"start":{"line":5,"column":2},"end":{"line":14,"column":3}},"2":{"start":{"line":6,"column":19},"end":{"line":9,"column":5}},"3":{"start":{"line":10,"column":4},"end":{"line":10,"column":22}},"4":{"start":{"line":12,"column":4},"end":{"line":12,"column":55}},"5":{"start":{"line":13,"column":4},"end":{"line":13,"column":14}},"6":{"start":{"line":19,"column":2},"end":{"line":25,"column":3}},"7":{"start":{"line":20,"column":4},"end":{"line":20,"column":90}},"8":{"start":{"line":21,"column":4},"end":{"line":21,"column":16}},"9":{"start":{"line":23,"column":4},"end":{"line":23,"column":62}},"10":{"start":{"line":24,"column":4},"end":{"line":24,"column":17}},"11":{"start":{"line":28,"column":0},"end":{"line":28,"column":51}}},"fnMap":{"0":{"name":"loadNotifications","decl":{"start":{"line":4,"column":15},"end":{"line":4,"column":32}},"loc":{"start":{"line":4,"column":46},"end":{"line":15,"column":1}},"line":4},"1":{"name":"markAsRead","decl":{"start":{"line":18,"column":15},"end":{"line":18,"column":25}},"loc":{"start":{"line":18,"column":42},"end":{"line":26,"column":1}},"line":18}},"branchMap":{"0":{"loc":{"start":{"line":10,"column":11},"end":{"line":10,"column":21}},"type":"binary-expr","locations":[{"start":{"line":10,"column":11},"end":{"line":10,"column":15}},{"start":{"line":10,"column":19},"end":{"line":10,"column":21}}],"line":10}},"s":{"0":1,"1":2,"2":2,"3":1,"4":1,"5":1,"6":2,"7":2,"8":1,"9":1,"10":1,"11":1},"f":{"0":2,"1":2},"b":{"0":[1,0]},"_coverageSchema":"1a1c01bbd47fc00a2c39e90264f33305004495a9","hash":"5611a80f5466305e23baceaaa32a68d79ca499c3"}
}
