TN:
SF:Admin\VolunteerHistory.js
FN:1,loadVolunteerHistory
FN:34,(anonymous_1)
FNF:2
FNH:2
FNDA:2,loadVolunteerHistory
FNDA:2,(anonymous_1)
DA:2,2
DA:4,2
DA:5,1
DA:6,1
DA:10,1
DA:32,1
DA:34,1
DA:36,2
DA:37,0
DA:38,0
DA:41,2
DA:43,2
DA:53,2
DA:58,1
DA:59,1
DA:62,1
LF:16
LH:14
BRDA:4,0,0,1
BRDA:4,0,1,1
BRDA:36,1,0,0
BRDA:36,1,1,2
BRDA:36,2,0,2
BRDA:36,2,1,2
BRDA:36,2,2,2
BRDA:58,3,0,1
BRDA:58,3,1,0
BRF:9
BRH:7
end_of_record
TN:
SF:Admin\event.js
FN:1,validateEvent
FNF:1
FNH:1
FNDA:5,validateEvent
DA:2,5
DA:5,5
DA:6,5
DA:7,5
DA:8,5
DA:11,5
DA:12,4
DA:13,4
DA:14,4
DA:17,4
DA:20,4
DA:21,4
DA:22,4
DA:24,4
DA:27,1
LF:15
LH:15
BRDA:5,0,0,1
BRDA:5,0,1,4
BRDA:5,1,0,5
BRDA:5,1,1,4
BRDA:6,2,0,1
BRDA:6,2,1,4
BRDA:6,3,0,5
BRDA:6,3,1,3
BRDA:7,4,0,1
BRDA:7,4,1,4
BRDA:7,5,0,5
BRDA:7,5,1,4
BRDA:8,6,0,1
BRDA:8,6,1,4
BRDA:8,7,0,5
BRDA:8,7,1,4
BRDA:11,8,0,1
BRDA:11,8,1,3
BRDA:11,9,0,5
BRDA:11,9,1,4
BRDA:12,10,0,2
BRDA:12,10,1,2
BRDA:12,11,0,4
BRDA:12,11,1,2
BRDA:13,12,0,1
BRDA:13,12,1,3
BRDA:13,13,0,4
BRDA:13,13,1,3
BRDA:14,14,0,1
BRDA:14,14,1,3
BRDA:14,15,0,4
BRDA:14,15,1,3
BRDA:17,16,0,0
BRDA:17,16,1,4
BRDA:17,17,0,4
BRDA:17,17,1,0
BRDA:20,18,0,0
BRDA:20,18,1,4
BRDA:20,19,0,4
BRDA:20,19,1,3
BRDA:21,20,0,0
BRDA:21,20,1,4
BRDA:21,21,0,4
BRDA:21,21,1,2
BRDA:22,22,0,0
BRDA:22,22,1,4
BRDA:22,23,0,4
BRDA:22,23,1,3
BRF:48
BRH:43
end_of_record
TN:
SF:Admin\matchform.js
FN:5,initMatchForm
FN:18,(anonymous_1)
FN:19,(anonymous_2)
FN:22,(anonymous_3)
FN:29,(anonymous_4)
FN:33,(anonymous_5)
FN:34,(anonymous_6)
FN:37,(anonymous_7)
FN:44,(anonymous_8)
FN:48,(anonymous_9)
FN:49,(anonymous_10)
FN:53,(anonymous_11)
FN:56,(anonymous_12)
FN:67,(anonymous_13)
FN:68,(anonymous_14)
FN:76,(anonymous_15)
FN:90,(anonymous_16)
FN:91,(anonymous_17)
FN:103,(anonymous_18)
FN:107,updateMatchList
FN:113,(anonymous_20)
FNF:21
FNH:11
FNDA:3,initMatchForm
FNDA:3,(anonymous_1)
FNDA:3,(anonymous_2)
FNDA:1,(anonymous_3)
FNDA:0,(anonymous_4)
FNDA:3,(anonymous_5)
FNDA:3,(anonymous_6)
FNDA:1,(anonymous_7)
FNDA:0,(anonymous_8)
FNDA:3,(anonymous_9)
FNDA:3,(anonymous_10)
FNDA:0,(anonymous_11)
FNDA:0,(anonymous_12)
FNDA:0,(anonymous_13)
FNDA:0,(anonymous_14)
FNDA:0,(anonymous_15)
FNDA:0,(anonymous_16)
FNDA:0,(anonymous_17)
FNDA:0,(anonymous_18)
FNDA:3,updateMatchList
FNDA:1,(anonymous_20)
DA:1,1
DA:2,1
DA:3,1
DA:6,3
DA:7,3
DA:8,3
DA:9,3
DA:11,3
DA:12,0
DA:13,0
DA:17,3
DA:18,3
DA:20,3
DA:21,3
DA:22,3
DA:23,1
DA:24,1
DA:25,1
DA:26,1
DA:29,0
DA:32,3
DA:33,3
DA:35,3
DA:36,3
DA:37,3
DA:38,1
DA:39,1
DA:40,1
DA:41,1
DA:44,0
DA:47,3
DA:48,3
DA:50,3
DA:51,3
DA:53,0
DA:56,3
DA:57,0
DA:59,0
DA:60,0
DA:62,0
DA:63,0
DA:64,0
DA:67,0
DA:68,0
DA:70,0
DA:71,0
DA:72,0
DA:76,0
DA:77,0
DA:78,0
DA:81,0
DA:85,0
DA:90,0
DA:92,0
DA:93,0
DA:94,0
DA:98,0
DA:99,0
DA:100,0
DA:101,0
DA:103,0
DA:108,3
DA:109,3
DA:110,2
DA:111,2
DA:113,1
DA:114,1
DA:115,1
DA:116,1
DA:121,1
LF:70
LH:40
BRDA:11,0,0,0
BRDA:11,0,1,3
BRDA:11,1,0,3
BRDA:11,1,1,3
BRDA:11,1,2,3
BRDA:11,1,3,3
BRDA:62,2,0,0
BRDA:62,2,1,0
BRDA:62,3,0,0
BRDA:62,3,1,0
BRDA:70,4,0,0
BRDA:70,4,1,0
BRDA:70,5,0,0
BRDA:70,5,1,0
BRDA:77,6,0,0
BRDA:77,6,1,0
BRDA:81,7,0,0
BRDA:81,7,1,0
BRDA:92,8,0,0
BRDA:92,8,1,0
BRDA:109,9,0,2
BRDA:109,9,1,1
BRF:22
BRH:7
end_of_record
TN:
SF:Login\login.js
FN:3,validateLoginFields
FNF:1
FNH:1
FNDA:4,validateLoginFields
DA:4,4
DA:6,4
DA:7,1
DA:10,3
DA:11,1
DA:14,2
DA:15,1
DA:18,1
DA:21,1
DA:22,1
LF:10
LH:10
BRDA:6,0,0,1
BRDA:6,0,1,3
BRDA:6,1,0,4
BRDA:6,1,1,3
BRDA:10,2,0,1
BRDA:10,2,1,2
BRDA:14,3,0,1
BRDA:14,3,1,1
BRDA:21,4,0,1
BRDA:21,4,1,0
BRF:10
BRH:9
end_of_record
TN:
SF:Login\registration.js
FN:3,validateRegistrationFields
FNF:1
FNH:1
FNDA:10,validateRegistrationFields
DA:4,10
DA:7,10
DA:8,1
DA:12,9
DA:13,1
DA:17,8
DA:18,1
DA:20,7
DA:21,1
DA:23,6
DA:24,1
DA:26,5
DA:27,1
DA:29,4
DA:30,1
DA:34,3
DA:35,1
DA:39,2
DA:40,1
DA:43,1
DA:46,1
DA:47,1
LF:22
LH:22
BRDA:7,0,0,1
BRDA:7,0,1,9
BRDA:7,1,0,10
BRDA:7,1,1,9
BRDA:7,1,2,9
BRDA:7,1,3,9
BRDA:12,2,0,1
BRDA:12,2,1,8
BRDA:17,3,0,1
BRDA:17,3,1,7
BRDA:20,4,0,1
BRDA:20,4,1,6
BRDA:23,5,0,1
BRDA:23,5,1,5
BRDA:26,6,0,1
BRDA:26,6,1,4
BRDA:29,7,0,1
BRDA:29,7,1,3
BRDA:34,8,0,1
BRDA:34,8,1,2
BRDA:39,9,0,1
BRDA:39,9,1,1
BRDA:39,10,0,2
BRDA:39,10,1,1
BRDA:46,11,0,1
BRDA:46,11,1,0
BRF:26
BRH:25
end_of_record
