TN:
SF:Admin\VolunteerHistory.js
FN:1,loadVolunteerHistory
FN:34,(anonymous_1)
FNF:2
FNH:2
FNDA:2,loadVolunteerHistory
FNDA:2,(anonymous_1)
DA:2,2
DA:4,2
DA:5,1
DA:6,1
DA:10,1
DA:32,1
DA:34,1
DA:36,2
DA:37,0
DA:38,0
DA:41,2
DA:43,2
DA:53,2
DA:58,1
DA:59,1
DA:62,1
LF:16
LH:14
BRDA:4,0,0,1
BRDA:4,0,1,1
BRDA:36,1,0,0
BRDA:36,1,1,2
BRDA:36,2,0,2
BRDA:36,2,1,2
BRDA:36,2,2,2
BRDA:58,3,0,1
BRDA:58,3,1,0
BRF:9
BRH:7
end_of_record
TN:
SF:Admin\event.js
FN:1,validateEvent
FNF:1
FNH:1
FNDA:5,validateEvent
DA:2,5
DA:5,5
DA:6,5
DA:7,5
DA:8,5
DA:9,5
DA:10,5
DA:13,5
DA:14,5
DA:15,5
DA:16,5
DA:17,5
DA:18,5
DA:21,5
DA:22,5
DA:23,5
DA:25,5
DA:28,1
LF:18
LH:18
BRDA:5,0,0,1
BRDA:5,0,1,4
BRDA:5,1,0,5
BRDA:5,1,1,4
BRDA:6,2,0,1
BRDA:6,2,1,4
BRDA:6,3,0,5
BRDA:6,3,1,3
BRDA:7,4,0,1
BRDA:7,4,1,4
BRDA:7,5,0,5
BRDA:7,5,1,4
BRDA:8,6,0,1
BRDA:8,6,1,4
BRDA:8,7,0,5
BRDA:8,7,1,5
BRDA:9,8,0,1
BRDA:9,8,1,4
BRDA:9,9,0,5
BRDA:9,9,1,4
BRDA:10,10,0,1
BRDA:10,10,1,4
BRDA:10,11,0,5
BRDA:10,11,1,4
BRDA:13,12,0,1
BRDA:13,12,1,4
BRDA:13,13,0,5
BRDA:13,13,1,4
BRDA:13,13,2,3
BRDA:14,14,0,2
BRDA:14,14,1,3
BRDA:14,15,0,5
BRDA:14,15,1,3
BRDA:14,15,2,2
BRDA:15,16,0,1
BRDA:15,16,1,4
BRDA:15,17,0,5
BRDA:15,17,1,4
BRDA:15,17,2,3
BRDA:16,18,0,3
BRDA:16,18,1,2
BRDA:16,19,0,5
BRDA:16,19,1,5
BRDA:16,19,2,4
BRDA:17,20,0,1
BRDA:17,20,1,4
BRDA:17,21,0,5
BRDA:17,21,1,4
BRDA:17,21,2,3
BRDA:18,22,0,2
BRDA:18,22,1,3
BRDA:18,23,0,5
BRDA:18,23,1,4
BRDA:21,24,0,1
BRDA:21,24,1,4
BRDA:21,25,0,5
BRDA:21,25,1,4
BRDA:22,26,0,1
BRDA:22,26,1,4
BRDA:22,27,0,5
BRDA:22,27,1,4
BRDA:23,28,0,1
BRDA:23,28,1,4
BRDA:23,29,0,5
BRDA:23,29,1,4
BRF:65
BRH:65
end_of_record
TN:
SF:Admin\matchform.js
FN:17,initMatchForm
FN:29,(anonymous_1)
FN:36,(anonymous_2)
FN:44,(anonymous_3)
FN:56,(anonymous_4)
FN:57,(anonymous_5)
FN:64,(anonymous_6)
FN:70,(anonymous_7)
FN:85,updateMatchList
FN:91,(anonymous_9)
FNF:10
FNH:10
FNDA:4,initMatchForm
FNDA:12,(anonymous_1)
FNDA:12,(anonymous_2)
FNDA:5,(anonymous_3)
FNDA:5,(anonymous_4)
FNDA:4,(anonymous_5)
FNDA:1,(anonymous_6)
FNDA:3,(anonymous_7)
FNDA:7,updateMatchList
FNDA:3,(anonymous_9)
DA:1,4
DA:7,4
DA:14,4
DA:18,4
DA:19,4
DA:20,4
DA:21,4
DA:23,4
DA:24,0
DA:25,0
DA:29,4
DA:30,12
DA:31,12
DA:32,12
DA:33,12
DA:36,4
DA:37,12
DA:38,12
DA:39,12
DA:40,12
DA:44,4
DA:45,5
DA:47,5
DA:48,5
DA:51,5
DA:52,1
DA:53,1
DA:56,5
DA:57,4
DA:59,4
DA:60,0
DA:61,0
DA:64,4
DA:65,1
DA:66,1
DA:70,3
DA:71,3
DA:72,1
DA:75,1
DA:79,3
DA:80,3
DA:81,3
DA:82,3
DA:86,7
DA:87,7
DA:88,4
DA:89,4
DA:91,3
DA:92,3
DA:93,3
DA:94,3
DA:99,4
DA:102,4
DA:105,4
DA:106,4
LF:55
LH:51
BRDA:23,0,0,0
BRDA:23,0,1,4
BRDA:23,1,0,4
BRDA:23,1,1,4
BRDA:23,1,2,4
BRDA:23,1,3,4
BRDA:51,2,0,1
BRDA:51,2,1,4
BRDA:51,3,0,5
BRDA:51,3,1,4
BRDA:59,4,0,0
BRDA:59,4,1,4
BRDA:59,5,0,4
BRDA:59,5,1,4
BRDA:64,6,0,1
BRDA:64,6,1,3
BRDA:64,7,0,1
BRDA:64,7,1,1
BRDA:71,8,0,1
BRDA:71,8,1,2
BRDA:75,9,0,0
BRDA:75,9,1,1
BRDA:87,10,0,4
BRDA:87,10,1,3
BRDA:105,11,0,4
BRDA:105,11,1,0
BRF:26
BRH:22
end_of_record
TN:
SF:Admin\notifications.js
FN:17,validateNotification
FN:26,addNotification
FNF:2
FNH:2
FNDA:7,validateNotification
FNDA:2,addNotification
DA:1,1
DA:18,7
DA:19,5
DA:20,4
DA:21,3
DA:22,2
DA:27,2
DA:28,2
DA:29,1
DA:30,1
DA:31,1
DA:35,1
LF:12
LH:12
BRDA:18,0,0,2
BRDA:18,0,1,5
BRDA:18,1,0,7
BRDA:18,1,1,5
BRDA:18,1,2,5
BRDA:19,2,0,1
BRDA:19,2,1,4
BRDA:20,3,0,1
BRDA:20,3,1,3
BRDA:21,4,0,1
BRDA:21,4,1,2
BRDA:28,5,0,1
BRDA:28,5,1,1
BRF:13
BRH:13
end_of_record
TN:
SF:Login\login.js
FN:4,validateLoginFields
FN:20,(anonymous_1)
FN:29,$
FN:33,handleLogin
FN:63,(anonymous_4)
FN:85,(anonymous_5)
FNF:6
FNH:5
FNDA:30,validateLoginFields
FNDA:8,(anonymous_1)
FNDA:96,$
FNDA:26,handleLogin
FNDA:0,(anonymous_4)
FNDA:36,(anonymous_5)
DA:5,30
DA:7,30
DA:8,6
DA:10,24
DA:11,7
DA:13,17
DA:14,8
DA:16,9
DA:19,8
DA:20,8
DA:21,8
DA:24,8
DA:30,96
DA:34,26
DA:36,26
DA:37,26
DA:40,26
DA:41,26
DA:42,18
DA:43,18
DA:47,8
DA:48,8
DA:49,8
DA:50,8
DA:51,8
DA:55,0
DA:56,0
DA:62,0
DA:63,0
DA:65,0
DA:68,0
DA:71,0
DA:72,0
DA:73,0
DA:77,0
DA:78,0
DA:80,0
DA:81,0
DA:85,8
DA:86,36
DA:87,36
DA:92,8
DA:93,8
LF:43
LH:30
BRDA:7,0,0,6
BRDA:7,0,1,24
BRDA:7,1,0,30
BRDA:7,1,1,24
BRDA:10,2,0,7
BRDA:10,2,1,17
BRDA:13,3,0,8
BRDA:13,3,1,9
BRDA:19,4,0,8
BRDA:19,4,1,0
BRDA:36,5,0,26
BRDA:36,5,1,5
BRDA:37,6,0,26
BRDA:37,6,1,5
BRDA:41,7,0,18
BRDA:41,7,1,8
BRDA:47,8,0,8
BRDA:47,8,1,0
BRDA:49,9,0,8
BRDA:49,9,1,0
BRDA:62,10,0,0
BRDA:62,10,1,0
BRDA:65,11,0,0
BRDA:65,11,1,0
BRDA:65,11,2,0
BRDA:77,12,0,0
BRDA:77,12,1,0
BRDA:87,13,0,36
BRDA:87,13,1,0
BRDA:92,14,0,8
BRDA:92,14,1,0
BRF:31
BRH:19
end_of_record
